This is pdfTeX, Version 3.1415926-2.3-1.40.12 (MiKTeX 2.9) (preloaded format=pdflatex 2015.9.26)  16 OCT 2015 20:12
entering extended mode
**D:/Codes/The-Code-Library-of-xiaohai/vol1.tex
(D:/Codes/The-Code-Library-of-xiaohai/vol1.tex
LaTeX2e <2011/06/27>
Babel <v3.8m> and hyphenation patterns for loaded.
(C:\CTEX\CTEX\MiKTeX\tex\latex\base\book.cls
Document Class: book 2007/10/19 v1.4h Standard LaTeX document class
(C:\CTEX\CTEX\MiKTeX\tex\latex\base\bk10.clo
File: bk10.clo 2007/10/19 v1.4h Standard LaTeX file (size option)
)
\c@part=\count79
\c@chapter=\count80
\c@section=\count81
\c@subsection=\count82
\c@subsubsection=\count83
\c@paragraph=\count84
\c@subparagraph=\count85
\c@figure=\count86
\c@table=\count87
\abovecaptionskip=\skip41
\belowcaptionskip=\skip42
\bibindent=\dimen102
)
(C:\CTEX\CTEX\MiKTeX\tex\latex\geometry\geometry.sty
Package: geometry 2010/09/12 v5.6 Page Geometry

(C:\CTEX\CTEX\MiKTeX\tex\latex\graphics\keyval.sty
Package: keyval 1999/03/16 v1.13 key=value parser (DPC)
\KV@toks@=\toks14
)
(C:\CTEX\CTEX\MiKTeX\tex\generic\oberdiek\ifpdf.sty
Package: ifpdf 2011/01/30 v2.3 Provides the ifpdf switch (HO)
Package ifpdf Info: pdfTeX in PDF mode is detected.
)
(C:\CTEX\CTEX\MiKTeX\tex\generic\oberdiek\ifvtex.sty
Package: ifvtex 2010/03/01 v1.5 Switches for detecting VTeX and its modes (HO)
Package ifvtex Info: VTeX not detected.
)
(C:\CTEX\CTEX\MiKTeX\tex\generic\ifxetex\ifxetex.sty
Package: ifxetex 2010/09/12 v0.6 Provides ifxetex conditional
)
\Gm@cnth=\count88
\Gm@cntv=\count89
\c@Gm@tempcnt=\count90
\Gm@bindingoffset=\dimen103
\Gm@wd@mp=\dimen104
\Gm@odd@mp=\dimen105
\Gm@even@mp=\dimen106
\Gm@layoutwidth=\dimen107
\Gm@layoutheight=\dimen108
\Gm@layouthoffset=\dimen109
\Gm@layoutvoffset=\dimen110
\Gm@dimlist=\toks15

(C:\CTEX\CTEX\MiKTeX\tex\latex\geometry\geometry.cfg))
(C:\CTEX\CTEX\MiKTeX\tex\latex\ctex\ctex.sty
Package: ctex 2011/03/11 v1.02c ctex macros package

(C:\CTEX\CTEX\MiKTeX\tex\latex\ctex\opt\ctex-common-opts.def)
(C:\CTEX\CTEX\CTeX\tex\latex\ctex\cfg\ctexopts.cfg)
(C:\CTEX\CTEX\MiKTeX\tex\latex\ctex\def\ctex-common.def
(C:\CTEX\CTEX\MiKTeX\tex\latex\l3kernel\expl3.sty
(C:\CTEX\CTEX\MiKTeX\tex\latex\l3kernel\l3names.sty
(C:\CTEX\CTEX\MiKTeX\tex\latex\l3kernel\l3bootstrap.sty
Package: l3bootstrap 2011/12/29 v3110 L3 Experimental bootstrap code
)
Package: l3names 2011/12/30 v3113 L3 Experimental namespace for primitives
)
(C:\CTEX\CTEX\MiKTeX\tex\latex\misc\etex.sty
Package: etex 1998/03/26 v2.0 eTeX basic definition package (PEB)
\et@xins=\count91
)
Package: expl3 2012/02/26 v3471 L3 Experimental code bundle wrapper

(C:\CTEX\CTEX\MiKTeX\tex\latex\graphics\color.sty
Package: color 2005/11/14 v1.0j Standard LaTeX Color (DPC)

(C:\CTEX\CTEX\MiKTeX\tex\latex\00miktex\color.cfg
File: color.cfg 2007/01/18 v1.5 color configuration of teTeX/TeXLive
)
Package color Info: Driver file: pdftex.def on input line 130.

(C:\CTEX\CTEX\MiKTeX\tex\latex\pdftex-def\pdftex.def
File: pdftex.def 2011/05/27 v0.06d Graphics/color for pdfTeX

(C:\CTEX\CTEX\MiKTeX\tex\generic\oberdiek\infwarerr.sty
Package: infwarerr 2010/04/08 v1.3 Providing info/warning/message (HO)
)
(C:\CTEX\CTEX\MiKTeX\tex\generic\oberdiek\ltxcmds.sty
Package: ltxcmds 2011/04/18 v1.20 LaTeX kernel commands for general use (HO)
)
\Gread@gobject=\count92
))
(C:\CTEX\CTEX\MiKTeX\tex\latex\graphics\graphics.sty
Package: graphics 2009/02/05 v1.0o Standard LaTeX Graphics (DPC,SPQR)

(C:\CTEX\CTEX\MiKTeX\tex\latex\graphics\trig.sty
Package: trig 1999/03/16 v1.09 sin cos tan (DPC)
)
(C:\CTEX\CTEX\MiKTeX\tex\latex\00miktex\graphics.cfg
File: graphics.cfg 2007/01/18 v1.5 graphics configuration of teTeX/TeXLive
)
Package graphics Info: Driver file: pdftex.def on input line 91.
)
(C:\CTEX\CTEX\MiKTeX\tex\latex\l3kernel\l3basics.sty
Package: l3basics 2012/02/26 v3460 L3 Experimental basic definitions
)
(C:\CTEX\CTEX\MiKTeX\tex\latex\l3kernel\l3expan.sty
Package: l3expan 2012/02/26 v3460 L3 Experimental argument expansion
)
(C:\CTEX\CTEX\MiKTeX\tex\latex\l3kernel\l3tl.sty
Package: l3tl 2012/02/26 v3460 L3 Experimental token lists
)
(C:\CTEX\CTEX\MiKTeX\tex\latex\l3kernel\l3seq.sty
Package: l3seq 2012/01/09 v3158 L3 Experimental sequences and stacks
)
(C:\CTEX\CTEX\MiKTeX\tex\latex\l3kernel\l3int.sty
Package: l3int 2012/02/26 v3460 L3 Experimental integers
\c_max_int=\count93
\l_tmpa_int=\count94
\l_tmpb_int=\count95
\l_tmpc_int=\count96
\g_tmpa_int=\count97
\g_tmpb_int=\count98
)
(C:\CTEX\CTEX\MiKTeX\tex\latex\l3kernel\l3quark.sty
Package: l3quark 2012/02/12 v3384 L3 Experimental quarks
)
(C:\CTEX\CTEX\MiKTeX\tex\latex\l3kernel\l3prg.sty
Package: l3prg 2012/02/26 v3464 L3 Experimental control structures
\g_prg_map_int=\count99
)
(C:\CTEX\CTEX\MiKTeX\tex\latex\l3kernel\l3clist.sty
Package: l3clist 2012/02/26 v3460 L3 Experimental comma separated lists
)
(C:\CTEX\CTEX\MiKTeX\tex\latex\l3kernel\l3token.sty
Package: l3token 2012/02/26 v3460 L3 Experimental token manipulation
)
(C:\CTEX\CTEX\MiKTeX\tex\latex\l3kernel\l3prop.sty
Package: l3prop 2012/02/26 v3460 L3 Experimental property lists
)
(C:\CTEX\CTEX\MiKTeX\tex\latex\l3kernel\l3msg.sty
Package: l3msg 2012/02/26 v3470 L3 Experimental messages
)
(C:\CTEX\CTEX\MiKTeX\tex\latex\l3kernel\l3file.sty
Package: l3file 2012/02/26 v3464 L3 Experimental file and I/O operations
\l_iow_stream_int=\count100
\l_iow_line_length_int=\count101
\l_iow_target_length_int=\count102
\l_iow_current_line_int=\count103
\l_iow_current_word_int=\count104
\l_iow_current_indentation_int=\count105
)
(C:\CTEX\CTEX\MiKTeX\tex\latex\l3kernel\l3skip.sty
Package: l3skip 2012/02/26 v3460 L3 Experimental dimensions and skips
\l_tmpa_dim=\dimen111
\l_tmpb_dim=\dimen112
\l_tmpc_dim=\dimen113
\g_tmpa_dim=\dimen114
\g_tmpb_dim=\dimen115
\l_tmpa_skip=\skip43
\l_tmpb_skip=\skip44
\l_tmpc_skip=\skip45
\g_tmpa_skip=\skip46
\g_tmpb_skip=\skip47
)
(C:\CTEX\CTEX\MiKTeX\tex\latex\l3kernel\l3keys.sty
Package: l3keys 2011/12/22 v3086 L3 Experimental key-value interfaces
\g_keyval_level_int=\count106
\l_keys_choice_int=\count107
)
(C:\CTEX\CTEX\MiKTeX\tex\latex\l3kernel\l3fp.sty
Package: l3fp 2012/02/06 v3315 L3 Experimental floating-point operations
\c_one_million=\count108
\c_one_hundred_million=\count109
\c_five_hundred_million=\count110
\c_one_thousand_million=\count111
\c_fp_pi_by_four_decimal_int=\count112
\c_fp_pi_by_four_extended_int=\count113
\c_fp_pi_decimal_int=\count114
\c_fp_pi_extended_int=\count115
\c_fp_two_pi_decimal_int=\count116
\c_fp_two_pi_extended_int=\count117
\l_fp_count_int=\count118
\l_fp_div_offset_int=\count119
\l_fp_exp_integer_int=\count120
\l_fp_exp_decimal_int=\count121
\l_fp_exp_extended_int=\count122
\l_fp_exp_exponent_int=\count123
\l_fp_input_a_sign_int=\count124
\l_fp_input_a_integer_int=\count125
\l_fp_input_a_decimal_int=\count126
\l_fp_input_a_exponent_int=\count127
\l_fp_input_b_sign_int=\count128
\l_fp_input_b_integer_int=\count129
\l_fp_input_b_decimal_int=\count130
\l_fp_input_b_exponent_int=\count131
\l_fp_input_a_extended_int=\count132
\l_fp_input_b_extended_int=\count133
\l_fp_mul_a_i_int=\count134
\l_fp_mul_a_ii_int=\count135
\l_fp_mul_a_iii_int=\count136
\l_fp_mul_a_iv_int=\count137
\l_fp_mul_a_v_int=\count138
\l_fp_mul_a_vi_int=\count139
\l_fp_mul_b_i_int=\count140
\l_fp_mul_b_ii_int=\count141
\l_fp_mul_b_iii_int=\count142
\l_fp_mul_b_iv_int=\count143
\l_fp_mul_b_v_int=\count144
\l_fp_mul_b_vi_int=\count145
\l_fp_mul_output_int=\count146
\l_fp_output_sign_int=\count147
\l_fp_output_integer_int=\count148
\l_fp_output_decimal_int=\count149
\l_fp_output_exponent_int=\count150
\l_fp_output_extended_int=\count151
\l_fp_round_position_int=\count152
\l_fp_round_target_int=\count153
\l_fp_split_sign_int=\count154
\l_fp_internal_int=\count155
\l_fp_trig_octant_int=\count156
\l_fp_trig_sign_int=\count157
\l_fp_trig_decimal_int=\count158
\l_fp_trig_extended_int=\count159
\l_fp_internal_dim=\dimen116
\l_fp_internal_skip=\skip48
)
(C:\CTEX\CTEX\MiKTeX\tex\latex\l3kernel\l3box.sty
Package: l3box 2012/02/18 v3432 L3 Experimental boxes
\l_tmpb_box=\box26
\l_box_top_dim=\dimen117
\l_box_bottom_dim=\dimen118
\l_box_left_dim=\dimen119
\l_box_right_dim=\dimen120
\l_box_top_new_dim=\dimen121
\l_box_bottom_new_dim=\dimen122
\l_box_left_new_dim=\dimen123
\l_box_right_new_dim=\dimen124
\l_box_internal_box=\box27
)
(C:\CTEX\CTEX\MiKTeX\tex\latex\l3kernel\l3coffins.sty
Package: l3coffins 2012/02/26 v3460 L3 Experimental coffin code layer
\l_coffin_internal_box=\box28
\l_coffin_internal_dim=\dimen125
\l_coffin_offset_x_dim=\dimen126
\l_coffin_offset_y_dim=\dimen127
\l_coffin_x_dim=\dimen128
\l_coffin_y_dim=\dimen129
\l_coffin_x_prime_dim=\dimen130
\l_coffin_y_prime_dim=\dimen131
\l_coffin_Depth_dim=\dimen132
\l_coffin_Height_dim=\dimen133
\l_coffin_TotalHeight_dim=\dimen134
\l_coffin_Width_dim=\dimen135
\c_empty_coffin=\box29
\l_coffin_aligned_coffin=\box30
\l_coffin_aligned_internal_coffin=\box31
\l_coffin_bounding_shift_dim=\dimen136
\l_coffin_left_corner_dim=\dimen137
\l_coffin_right_corner_dim=\dimen138
\l_coffin_bottom_corner_dim=\dimen139
\l_coffin_top_corner_dim=\dimen140
\l_coffin_scaled_total_height_dim=\dimen141
\l_coffin_scaled_width_dim=\dimen142
\l_coffin_display_coffin=\box32
\l_coffin_display_coord_coffin=\box33
\l_coffin_display_pole_coffin=\box34
\l_coffin_display_offset_dim=\dimen143
\l_coffin_display_x_dim=\dimen144
\l_coffin_display_y_dim=\dimen145
)
(C:\CTEX\CTEX\MiKTeX\tex\latex\l3kernel\l3color.sty
Package: l3color 2011/09/07 v2776 L3 Experimental colour support
)
(C:\CTEX\CTEX\MiKTeX\tex\latex\l3kernel\l3luatex.sty
Package: l3luatex 2012/02/09 v3355 L3 Experimental LuaTeX-specific functions
\g_cctab_allocate_int=\count160
\g_cctab_stack_int=\count161
))
(C:\CTEX\CTEX\MiKTeX\tex\latex\etoolbox\etoolbox.sty
Package: etoolbox 2011/01/03 v2.1 e-TeX tools for LaTeX
\etb@tempcnta=\count162
)
(C:\CTEX\CTEX\MiKTeX\tex\latex\tools\indentfirst.sty
Package: indentfirst 1995/11/23 v1.03 Indent first paragraph (DPC)
)
(C:\CTEX\CTEX\MiKTeX\tex\latex\base\fix-cm.sty
Package: fix-cm 2006/09/13 v1.1m fixes to LaTeX

(C:\CTEX\CTEX\MiKTeX\tex\latex\base\ts1enc.def
File: ts1enc.def 2001/06/05 v3.0e (jk/car/fm) Standard LaTeX file
))
(C:\CTEX\CTEX\MiKTeX\tex\latex\ctex\engine\ctex-cjk-engine.def
(C:\CTEX\CTEX\MiKTeX\tex\latex\cjk\CJK.sty
Package: CJK 2008/12/29 4.8.2

(C:\CTEX\CTEX\MiKTeX\tex\latex\cjk\mule\MULEenc.sty
Package: MULEenc 2008/12/29 4.8.2
)
(C:\CTEX\CTEX\MiKTeX\tex\latex\cjk\CJK.enc
File: CJK.enc 2008/12/29 4.8.2
)
LaTeX Info: Redefining \selectfont on input line 756.
\CJK@indent=\box35
)
(C:\CTEX\CTEX\CTeX\tex\latex\CJKpunct\CJKpunct.sty
Package: CJKpunct 2010/02/21 4.8.2-2
\CJKpunct@cnta=\count163
\CJKpunct@cntb=\count164
\CJKpunct@cntc=\count165
\CJKpunct@cntd=\count166
\CJKpunct@cnte=\count167

(C:\CTEX\CTEX\CTeX\tex\latex\CJKpunct\CJKpunct.spa))
(C:\CTEX\CTEX\MiKTeX\tex\latex\ctex\engine\ctex-cjk-common.def
\ccwd=\dimen146
)
(C:\CTEX\CTEX\MiKTeX\tex\latex\ctex\fontset\ctex-cjk-winfonts.def
(C:\CTEX\CTEX\MiKTeX\tex\generic\zhmetrics\zhwinfonts.tex
(C:\CTEX\CTEX\MiKTeX\tex\generic\oberdiek\ifpdf.sty
Package ifpdf Info: The package is already loaded, stopped on input line 64.
){C:/CTEX/CTEX/UserData/pdftex/config/pdftex.map{Unicode.sfd}{UGBK.sfd}})))
\CTEX@q=\count168
\CTEX@r=\count169
))
(C:\CTEX\CTEX\MiKTeX\tex\latex\ctex\def\ctex-gbk.def)
(C:\CTEX\CTEX\MiKTeX\tex\latex\ctex\cfg\ctex.cfg)
(C:\CTEX\CTEX\CTeX\tex\latex\ccmap\ccmap.sty
Package: ccmap 2006/11/18
\CCT@hooka@@=\toks16
)
(C:\CTEX\CTEX\MiKTeX\tex\latex\pdfpages\pdfpages.sty
Package: pdfpages 2011/03/10 v0.4n Insert pages of external PDF documents (AM)

(C:\CTEX\CTEX\MiKTeX\tex\latex\base\ifthen.sty
Package: ifthen 2001/05/26 v1.1c Standard LaTeX ifthen package (DPC)
)
(C:\CTEX\CTEX\MiKTeX\tex\latex\tools\calc.sty
Package: calc 2007/08/22 v4.3 Infix arithmetic (KKT,FJ)
\calc@Acount=\count170
\calc@Bcount=\count171
\calc@Adimen=\dimen147
\calc@Bdimen=\dimen148
\calc@Askip=\skip49
\calc@Bskip=\skip50
LaTeX Info: Redefining \setlength on input line 76.
LaTeX Info: Redefining \addtolength on input line 77.
\calc@Ccount=\count172
\calc@Cskip=\skip51
)
(C:\CTEX\CTEX\MiKTeX\tex\latex\eso-pic\eso-pic.sty
Package: eso-pic 2010/10/06 v2.0c eso-pic (RN)

(C:\CTEX\CTEX\MiKTeX\tex\generic\oberdiek\atbegshi.sty
Package: atbegshi 2011/01/30 v1.15 At begin shipout hook (HO)
))
(C:\CTEX\CTEX\MiKTeX\tex\latex\graphics\graphicx.sty
Package: graphicx 1999/02/16 v1.0f Enhanced LaTeX Graphics (DPC,SPQR)
\Gin@req@height=\dimen149
\Gin@req@width=\dimen150
)
(C:\CTEX\CTEX\MiKTeX\tex\latex\pdfpages\pppdftex.def
File: pppdftex.def 2011/03/10 v0.4n Pdfpages driver for pdfTeX (AM)
)
\AM@pagebox=\box36
\AM@toc@title=\toks17
\c@AM@survey=\count173
\AM@templatesizebox=\box37
)
(C:\CTEX\CTEX\MiKTeX\tex\latex\ams\classes\amsthm.sty
Package: amsthm 2004/08/06 v2.20
\thm@style=\toks18
\thm@bodyfont=\toks19
\thm@headfont=\toks20
\thm@notefont=\toks21
\thm@headpunct=\toks22
\thm@preskip=\skip52
\thm@postskip=\skip53
\thm@headsep=\skip54
\dth@everypar=\toks23
)
(C:\CTEX\CTEX\MiKTeX\tex\latex\tools\longtable.sty
Package: longtable 2004/02/01 v4.11 Multi-page Table package (DPC)
\LTleft=\skip55
\LTright=\skip56
\LTpre=\skip57
\LTpost=\skip58
\LTchunksize=\count174
\LTcapwidth=\dimen151
\LT@head=\box38
\LT@firsthead=\box39
\LT@foot=\box40
\LT@lastfoot=\box41
\LT@cols=\count175
\LT@rows=\count176
\c@LT@tables=\count177
\c@LT@chunks=\count178
\LT@p@ftn=\toks24
)
(C:\CTEX\CTEX\MiKTeX\tex\latex\amsfonts\amssymb.sty
Package: amssymb 2009/06/22 v3.00

(C:\CTEX\CTEX\MiKTeX\tex\latex\amsfonts\amsfonts.sty
Package: amsfonts 2009/06/22 v3.00 Basic AMSFonts support
\@emptytoks=\toks25
\symAMSa=\mathgroup4
\symAMSb=\mathgroup5
LaTeX Font Info:    Overwriting math alphabet `\mathfrak' in version `bold'
(Font)                  U/euf/m/n --> U/euf/b/n on input line 96.
))
(C:\CTEX\CTEX\MiKTeX\tex\latex\subfigure\subfigure.sty
Package: subfigure 2002/07/30 v2.1.4 subfigure package
\subfigtopskip=\skip59
\subfigcapskip=\skip60
\subfigcaptopadj=\dimen152
\subfigbottomskip=\skip61
\subfigcapmargin=\dimen153
\subfiglabelskip=\skip62
\c@subfigure=\count179
\c@lofdepth=\count180
\c@subtable=\count181
\c@lotdepth=\count182

****************************************
* Local config file subfigure.cfg used *
****************************************
(C:\CTEX\CTEX\MiKTeX\tex\latex\subfigure\subfigure.cfg)
\subfig@top=\skip63
\subfig@bottom=\skip64
)
(C:\CTEX\CTEX\MiKTeX\tex\latex\tools\verbatim.sty
Package: verbatim 2003/08/22 v1.5q LaTeX2e package for verbatim enhancements
\every@verbatim=\toks26
\verbatim@line=\toks27
\verbatim@in@stream=\read1
)
(C:\CTEX\CTEX\MiKTeX\tex\latex\ams\math\amsmath.sty
Package: amsmath 2000/07/18 v2.13 AMS math features
\@mathmargin=\skip65

For additional information on amsmath, use the `?' option.
(C:\CTEX\CTEX\MiKTeX\tex\latex\ams\math\amstext.sty
Package: amstext 2000/06/29 v2.01

(C:\CTEX\CTEX\MiKTeX\tex\latex\ams\math\amsgen.sty
File: amsgen.sty 1999/11/30 v2.0
\@emptytoks=\toks28
\ex@=\dimen154
))
(C:\CTEX\CTEX\MiKTeX\tex\latex\ams\math\amsbsy.sty
Package: amsbsy 1999/11/29 v1.2d
\pmbraise@=\dimen155
)
(C:\CTEX\CTEX\MiKTeX\tex\latex\ams\math\amsopn.sty
Package: amsopn 1999/12/14 v2.01 operator names
)
\inf@bad=\count183
LaTeX Info: Redefining \frac on input line 211.
\uproot@=\count184
\leftroot@=\count185
LaTeX Info: Redefining \overline on input line 307.
\classnum@=\count186
\DOTSCASE@=\count187
LaTeX Info: Redefining \ldots on input line 379.
LaTeX Info: Redefining \dots on input line 382.
LaTeX Info: Redefining \cdots on input line 467.
\Mathstrutbox@=\box42
\strutbox@=\box43
\big@size=\dimen156
LaTeX Font Info:    Redeclaring font encoding OML on input line 567.
LaTeX Font Info:    Redeclaring font encoding OMS on input line 568.
\macc@depth=\count188
\c@MaxMatrixCols=\count189
\dotsspace@=\muskip10
\c@parentequation=\count190
\dspbrk@lvl=\count191
\tag@help=\toks29
\row@=\count192
\column@=\count193
\maxfields@=\count194
\andhelp@=\toks30
\eqnshift@=\dimen157
\alignsep@=\dimen158
\tagshift@=\dimen159
\tagwidth@=\dimen160
\totwidth@=\dimen161
\lineht@=\dimen162
\@envbody=\toks31
\multlinegap=\skip66
\multlinetaggap=\skip67
\mathdisplay@stack=\toks32
LaTeX Info: Redefining \[ on input line 2666.
LaTeX Info: Redefining \] on input line 2667.
)
(C:\CTEX\CTEX\MiKTeX\tex\latex\cases\cases.sty
Package: cases 2002/05/02 ver 2.5 
)
(C:\CTEX\CTEX\MiKTeX\tex\latex\hyperref\hyperref.sty
Package: hyperref 2012/02/06 v6.82o Hypertext links for LaTeX

(C:\CTEX\CTEX\MiKTeX\tex\generic\oberdiek\hobsub-hyperref.sty
Package: hobsub-hyperref 2011/04/23 v1.4 Bundle oberdiek, subset hyperref (HO)

(C:\CTEX\CTEX\MiKTeX\tex\generic\oberdiek\hobsub-generic.sty
Package: hobsub-generic 2011/04/23 v1.4 Bundle oberdiek, subset generic (HO)
Package: hobsub 2011/04/23 v1.4 Subsetting bundle oberdiek (HO)
Package hobsub Info: Skipping package `infwarerr' (already loaded).
Package hobsub Info: Skipping package `ltxcmds' (already loaded).
Package: ifluatex 2010/03/01 v1.3 Provides the ifluatex switch (HO)
Package ifluatex Info: LuaTeX not detected.
Package hobsub Info: Skipping package `ifvtex' (already loaded).
Package: intcalc 2007/09/27 v1.1 Expandable integer calculations (HO)
Package hobsub Info: Skipping package `ifpdf' (already loaded).
Package: etexcmds 2011/02/16 v1.5 Prefix for e-TeX command names (HO)
Package etexcmds Info: Could not find \expanded.
(etexcmds)             That can mean that you are not using pdfTeX 1.50 or
(etexcmds)             that some package has redefined \expanded.
(etexcmds)             In the latter case, load this package earlier.
Package: kvsetkeys 2011/04/07 v1.13 Key value parser (HO)
Package: kvdefinekeys 2011/04/07 v1.3 Defining keys (HO)
Package: pdftexcmds 2011/04/22 v0.16 Utilities of pdfTeX for LuaTeX (HO)
Package pdftexcmds Info: LuaTeX not detected.
Package pdftexcmds Info: \pdf@primitive is available.
Package pdftexcmds Info: \pdf@ifprimitive is available.
Package pdftexcmds Info: \pdfdraftmode found.
Package: pdfescape 2011/04/04 v1.12 Provides string conversions (HO)
Package: bigintcalc 2011/01/30 v1.2 Expandable big integer calculations (HO)
Package: bitset 2011/01/30 v1.1 Data type bit set (HO)
Package: uniquecounter 2011/01/30 v1.2 Provides unlimited unique counter (HO)
)
Package hobsub Info: Skipping package `hobsub' (already loaded).
Package: letltxmacro 2010/09/02 v1.4 Let assignment for LaTeX macros (HO)
Package: hopatch 2011/01/30 v1.0 Wrapper for package hooks (HO)
Package: xcolor-patch 2011/01/30 xcolor patch
Package: atveryend 2011/04/23 v1.7 Hooks at very end of document (HO)
Package hobsub Info: Skipping package `atbegshi' (already loaded).
Package: refcount 2010/12/01 v3.2 Data extraction from references (HO)
Package: hycolor 2011/01/30 v1.7 Color options of hyperref/bookmark (HO)
)
(C:\CTEX\CTEX\MiKTeX\tex\latex\oberdiek\kvoptions.sty
Package: kvoptions 2010/12/23 v3.10 Keyval support for LaTeX options (HO)
)
\@linkdim=\dimen163
\Hy@linkcounter=\count195
\Hy@pagecounter=\count196

(C:\CTEX\CTEX\MiKTeX\tex\latex\hyperref\pd1enc.def
File: pd1enc.def 2012/02/06 v6.82o Hyperref: PDFDocEncoding definition (HO)
)
\Hy@SavedSpaceFactor=\count197

(C:\CTEX\CTEX\MiKTeX\tex\latex\00miktex\hyperref.cfg
File: hyperref.cfg 2002/06/06 v1.2 hyperref configuration of TeXLive
)
Package hyperref Info: Option `colorlinks' set `true' on input line 3925.
Package hyperref Info: Option `bookmarksnumbered' set `true' on input line 3925
.
Package hyperref Info: Option `bookmarksopen' set `true' on input line 3925.
Package hyperref Info: Option `CJKbookmarks' set `true' on input line 3925.
Package hyperref Info: Hyper figures OFF on input line 4046.
Package hyperref Info: Link nesting OFF on input line 4051.
Package hyperref Info: Hyper index ON on input line 4054.
Package hyperref Info: Plain pages OFF on input line 4061.
Package hyperref Info: Backreferencing OFF on input line 4066.
Package hyperref Info: Implicit mode ON; LaTeX internals redefined.
Package hyperref Info: Bookmarks ON on input line 4284.
\c@Hy@tempcnt=\count198

(C:\CTEX\CTEX\MiKTeX\tex\latex\ltxmisc\url.sty
\Urlmuskip=\muskip11
Package: url 2006/04/12  ver 3.3  Verb mode for urls, etc.
)
LaTeX Info: Redefining \url on input line 4637.
\Fld@menulength=\count199
\Field@Width=\dimen164
\Fld@charsize=\dimen165
Package hyperref Info: Hyper figures OFF on input line 5757.
Package hyperref Info: Link nesting OFF on input line 5762.
Package hyperref Info: Hyper index ON on input line 5765.
Package hyperref Info: backreferencing OFF on input line 5772.
Package hyperref Info: Link coloring ON on input line 5775.
Package hyperref Info: Link coloring with OCG OFF on input line 5782.
Package hyperref Info: PDF/A mode OFF on input line 5787.
LaTeX Info: Redefining \ref on input line 5827.
LaTeX Info: Redefining \pageref on input line 5831.
\Hy@abspage=\count200
\c@Item=\count201
Normal \count register pool exhausted, switching to extended pool.
\c@Hfootnote=\count277
)

Package hyperref Message: Driver (autodetected): hpdftex.

(C:\CTEX\CTEX\MiKTeX\tex\latex\hyperref\hpdftex.def
File: hpdftex.def 2012/02/06 v6.82o Hyperref driver for pdfTeX
\Fld@listcount=\count278
\c@bookmark@seq@number=\count279

(C:\CTEX\CTEX\MiKTeX\tex\latex\oberdiek\rerunfilecheck.sty
Package: rerunfilecheck 2011/04/15 v1.7 Rerun checks for auxiliary files (HO)
Package uniquecounter Info: New unique counter `rerunfilecheck' on input line 2
82.
)
\Hy@SectionHShift=\skip68
)
(C:\CTEX\CTEX\MiKTeX\tex\latex\listings\listings.sty
\lst@mode=\count280
\lst@gtempboxa=\box44
\lst@token=\toks33
\lst@length=\count281
\lst@currlwidth=\dimen166
\lst@column=\count282
\lst@pos=\count283
\lst@lostspace=\dimen167
\lst@width=\dimen168
\lst@newlines=\count284
\lst@lineno=\count285
\lst@maxwidth=\dimen169

(C:\CTEX\CTEX\MiKTeX\tex\latex\listings\lstmisc.sty
File: lstmisc.sty 2007/02/22 1.4 (Carsten Heinz)
\c@lstnumber=\count286
\lst@skipnumbers=\count287
\lst@framebox=\box45
)
(C:\CTEX\CTEX\MiKTeX\tex\latex\listings\listings.cfg
File: listings.cfg 2007/02/22 1.4 listings configuration
))
Package: listings 2007/02/22 1.4 (Carsten Heinz)

(C:\CTEX\CTEX\MiKTeX\tex\latex\titlesec\titlesec.sty
Package: titlesec 2011/12/15 v2.10.0 Sectioning titles
\ttl@box=\box46
\beforetitleunit=\skip69
\aftertitleunit=\skip70
\ttl@plus=\dimen170
\ttl@minus=\dimen171
\ttl@toksa=\toks34
\titlewidth=\dimen172
\titlewidthlast=\dimen173
\titlewidthfirst=\dimen174
)
(C:\CTEX\CTEX\MiKTeX\tex\latex\appendix\appendix.sty
Package: appendix 2009/09/02 v1.2b extra appendix facilities
\c@@pps=\count288
\c@@ppsavesec=\count289
\c@@ppsaveapp=\count290
)
(C:\CTEX\CTEX\MiKTeX\tex\latex\xcolor\xcolor.sty
Package: xcolor 2007/01/21 v2.11 LaTeX color extensions (UK)

(C:\CTEX\CTEX\MiKTeX\tex\latex\00miktex\color.cfg
File: color.cfg 2007/01/18 v1.5 color configuration of teTeX/TeXLive
)
Package xcolor Info: Driver file: pdftex.def on input line 225.
LaTeX Info: Redefining \color on input line 702.
Package xcolor Info: Model `cmy' substituted by `cmy0' on input line 1337.
Package xcolor Info: Model `hsb' substituted by `rgb' on input line 1341.
Package xcolor Info: Model `RGB' extended on input line 1353.
Package xcolor Info: Model `HTML' substituted by `rgb' on input line 1355.
Package xcolor Info: Model `Hsb' substituted by `hsb' on input line 1356.
Package xcolor Info: Model `tHsb' substituted by `hsb' on input line 1357.
Package xcolor Info: Model `HSB' substituted by `hsb' on input line 1358.
Package xcolor Info: Model `Gray' substituted by `gray' on input line 1359.
Package xcolor Info: Model `wave' substituted by `hsb' on input line 1360.

(C:\CTEX\CTEX\MiKTeX\tex\latex\xcolor\svgnam.def
File: svgnam.def 2007/01/21 v2.11 Predefined colors according to SVG 1.1 (UK)
)
(C:\CTEX\CTEX\MiKTeX\tex\latex\xcolor\x11nam.def
File: x11nam.def 2007/01/21 v2.11 Predefined colors according to Unix/X11 (UK)
))
(C:\CTEX\CTEX\MiKTeX\tex\latex\tocloft\tocloft.sty
Package: tocloft 2010/10/13 v2.3e parameterised ToC, etc., typesetting
Package tocloft Info: The document has chapter divisions on input line 43.
\cftparskip=\skip71
\cftbeforetoctitleskip=\skip72
\cftaftertoctitleskip=\skip73
\cftbeforepartskip=\skip74
\cftpartnumwidth=\skip75
\cftpartindent=\skip76
\cftbeforechapskip=\skip77
\cftchapindent=\skip78
\cftchapnumwidth=\skip79
\cftbeforesecskip=\skip80
\cftsecindent=\skip81
\cftsecnumwidth=\skip82
\cftbeforesubsecskip=\skip83
\cftsubsecindent=\skip84
\cftsubsecnumwidth=\skip85
\cftbeforesubsubsecskip=\skip86
\cftsubsubsecindent=\skip87
\cftsubsubsecnumwidth=\skip88
\cftbeforeparaskip=\skip89
\cftparaindent=\skip90
\cftparanumwidth=\skip91
\cftbeforesubparaskip=\skip92
\cftsubparaindent=\skip93
\cftsubparanumwidth=\skip94
\cftbeforeloftitleskip=\skip95
\cftafterloftitleskip=\skip96
\cftbeforefigskip=\skip97
\cftfigindent=\skip98
\cftfignumwidth=\skip99
\cftbeforelottitleskip=\skip100
\cftafterlottitleskip=\skip101
\cftbeforetabskip=\skip102
\cfttabindent=\skip103
\cfttabnumwidth=\skip104
\cftbeforesubfigskip=\skip105
\cftsubfigindent=\skip106
\cftsubfignumwidth=\skip107
\cftbeforesubtabskip=\skip108
\cftsubtabindent=\skip109
\cftsubtabnumwidth=\skip110
)
(C:\CTEX\CTEX\MiKTeX\tex\latex\fancyhdr\fancyhdr.sty
\fancy@headwidth=\skip111
\f@ncyO@elh=\skip112
\f@ncyO@erh=\skip113
\f@ncyO@olh=\skip114
\f@ncyO@orh=\skip115
\f@ncyO@elf=\skip116
\f@ncyO@erf=\skip117
\f@ncyO@olf=\skip118
\f@ncyO@orf=\skip119
)
(C:\CTEX\CTEX\MiKTeX\tex\latex\lastpage\lastpage.sty
Package: lastpage 2011/09/01 v1.2k Refers to last page's name (HMM; JPG)
)

LaTeX Warning: Unused global option(s):
    [14pt].

(D:\Codes\The-Code-Library-of-xiaohai\vol1.aux)
LaTeX Font Info:    Checking defaults for OML/cmm/m/it on input line 97.
LaTeX Font Info:    ... okay on input line 97.
LaTeX Font Info:    Checking defaults for T1/cmr/m/n on input line 97.
LaTeX Font Info:    ... okay on input line 97.
LaTeX Font Info:    Checking defaults for OT1/cmr/m/n on input line 97.
LaTeX Font Info:    ... okay on input line 97.
LaTeX Font Info:    Checking defaults for OMS/cmsy/m/n on input line 97.
LaTeX Font Info:    ... okay on input line 97.
LaTeX Font Info:    Checking defaults for OMX/cmex/m/n on input line 97.
LaTeX Font Info:    ... okay on input line 97.
LaTeX Font Info:    Checking defaults for U/cmr/m/n on input line 97.
LaTeX Font Info:    ... okay on input line 97.
LaTeX Font Info:    Checking defaults for TS1/cmr/m/n on input line 97.
LaTeX Font Info:    ... okay on input line 97.
LaTeX Font Info:    Checking defaults for C00/song/m/n on input line 97.
LaTeX Font Info:    ... okay on input line 97.
LaTeX Font Info:    Checking defaults for C05/song/m/n on input line 97.
LaTeX Font Info:    ... okay on input line 97.
LaTeX Font Info:    Checking defaults for C09/song/m/n on input line 97.
LaTeX Font Info:    ... okay on input line 97.
LaTeX Font Info:    Checking defaults for C10/song/m/n on input line 97.
LaTeX Font Info:    ... okay on input line 97.
LaTeX Font Info:    Checking defaults for C20/song/m/n on input line 97.
LaTeX Font Info:    ... okay on input line 97.
LaTeX Font Info:    Checking defaults for C19/song/m/n on input line 97.
LaTeX Font Info:    ... okay on input line 97.
LaTeX Font Info:    Checking defaults for C40/song/m/n on input line 97.
LaTeX Font Info:    ... okay on input line 97.
LaTeX Font Info:    Checking defaults for C42/song/m/n on input line 97.
LaTeX Font Info:    ... okay on input line 97.
LaTeX Font Info:    Checking defaults for C43/song/m/n on input line 97.
LaTeX Font Info:    ... okay on input line 97.
LaTeX Font Info:    Checking defaults for C50/song/m/n on input line 97.
LaTeX Font Info:    ... okay on input line 97.
LaTeX Font Info:    Checking defaults for C52/song/m/n on input line 97.
LaTeX Font Info:    ... okay on input line 97.
LaTeX Font Info:    Checking defaults for C49/song/m/n on input line 97.
LaTeX Font Info:    ... okay on input line 97.
LaTeX Font Info:    Checking defaults for C60/mj/m/n on input line 97.
LaTeX Font Info:    ... okay on input line 97.
LaTeX Font Info:    Checking defaults for C61/mj/m/n on input line 97.
LaTeX Font Info:    ... okay on input line 97.
LaTeX Font Info:    Checking defaults for C63/mj/m/n on input line 97.
LaTeX Font Info:    ... okay on input line 97.
LaTeX Font Info:    Checking defaults for C64/mj/m/n on input line 97.
LaTeX Font Info:    ... okay on input line 97.
LaTeX Font Info:    Checking defaults for C65/mj/m/n on input line 97.
LaTeX Font Info:    ... okay on input line 97.
LaTeX Font Info:    Checking defaults for C70/song/m/n on input line 97.
LaTeX Font Info:    ... okay on input line 97.
LaTeX Font Info:    Checking defaults for C31/song/m/n on input line 97.
LaTeX Font Info:    ... okay on input line 97.
LaTeX Font Info:    Checking defaults for C32/song/m/n on input line 97.
LaTeX Font Info:    ... okay on input line 97.
LaTeX Font Info:    Checking defaults for C33/song/m/n on input line 97.
LaTeX Font Info:    ... okay on input line 97.
LaTeX Font Info:    Checking defaults for C34/song/m/n on input line 97.
LaTeX Font Info:    ... okay on input line 97.
LaTeX Font Info:    Checking defaults for C35/song/m/n on input line 97.
LaTeX Font Info:    ... okay on input line 97.
LaTeX Font Info:    Checking defaults for C36/song/m/n on input line 97.
LaTeX Font Info:    ... okay on input line 97.
LaTeX Font Info:    Checking defaults for C37/song/m/n on input line 97.
LaTeX Font Info:    ... okay on input line 97.
LaTeX Font Info:    Checking defaults for C80/song/m/n on input line 97.
LaTeX Font Info:    ... okay on input line 97.
LaTeX Font Info:    Checking defaults for C81/song/m/n on input line 97.
LaTeX Font Info:    ... okay on input line 97.
LaTeX Font Info:    Checking defaults for C01/song/m/n on input line 97.
LaTeX Font Info:    ... okay on input line 97.
LaTeX Font Info:    Checking defaults for C11/song/m/n on input line 97.
LaTeX Font Info:    ... okay on input line 97.
LaTeX Font Info:    Checking defaults for C21/song/m/n on input line 97.
LaTeX Font Info:    ... okay on input line 97.
LaTeX Font Info:    Checking defaults for C41/song/m/n on input line 97.
LaTeX Font Info:    ... okay on input line 97.
LaTeX Font Info:    Checking defaults for C62/song/m/n on input line 97.
LaTeX Font Info:    ... okay on input line 97.
LaTeX Font Info:    Checking defaults for PD1/pdf/m/n on input line 97.
LaTeX Font Info:    ... okay on input line 97.

*geometry* driver: auto-detecting
*geometry* detected driver: pdftex
*geometry* verbose mode - [ preamble ] result:
* driver: pdftex
* paper: a4paper
* layout: <same size as paper>
* layoutoffset:(h,v)=(0.0pt,0.0pt)
* modes: twoside 
* h-part:(L,W,R)=(90.47955pt, 416.54877pt, 90.47955pt)
* v-part:(T,H,B)=(72.2698pt, 700.50723pt, 72.2698pt)
* \paperwidth=597.50787pt
* \paperheight=845.04684pt
* \textwidth=416.54877pt
* \textheight=700.50723pt
* \oddsidemargin=18.20956pt
* \evensidemargin=18.20956pt
* \topmargin=-30.06767pt
* \headheight=12.0pt
* \headsep=18.06749pt
* \topskip=10.0pt
* \footskip=25.29494pt
* \marginparwidth=115.0pt
* \marginparsep=7.0pt
* \columnsep=10.0pt
* \skip\footins=9.0pt plus 4.0pt minus 2.0pt
* \hoffset=0.0pt
* \voffset=0.0pt
* \mag=1000
* \@twocolumnfalse
* \@twosidetrue
* \@mparswitchtrue
* \@reversemarginfalse
* (1in=72.27pt=25.4mm, 1cm=28.453pt)

(C:\CTEX\CTEX\MiKTeX\tex\context\base\supp-pdf.mkii
[Loading MPS to PDF converter (version 2006.09.02).]
\scratchcounter=\count291
\scratchdimen=\dimen175
\scratchbox=\box47
\nofMPsegments=\count292
\nofMParguments=\count293
\everyMPshowfont=\toks35
\MPscratchCnt=\count294
\MPscratchDim=\dimen176
\MPnumerator=\count295
\makeMPintoPDFobject=\count296
\everyMPtoPDFconversion=\toks36
)
\AtBeginShipoutBox=\box48
Package hyperref Info: Link coloring ON on input line 97.
 (C:\CTEX\CTEX\MiKTeX\tex\latex\hyperref\nameref.sty
Package: nameref 2010/04/30 v2.40 Cross-referencing by name of section

(C:\CTEX\CTEX\MiKTeX\tex\generic\oberdiek\gettitlestring.sty
Package: gettitlestring 2010/12/03 v1.4 Cleanup title references (HO)
)
\c@section@level=\count297
)
LaTeX Info: Redefining \ref on input line 97.
LaTeX Info: Redefining \pageref on input line 97.
LaTeX Info: Redefining \nameref on input line 97.

(D:\Codes\The-Code-Library-of-xiaohai\vol1.out)
(D:\Codes\The-Code-Library-of-xiaohai\vol1.out)
\@outlinefile=\write3
\c@lstlisting=\count298
Package lastpage Info: Please have a look at the pageslts package at
(lastpage)             http://www.ctan.org/tex-archive/ 
(lastpage)             macros/latex/contrib/pageslts/ 
(lastpage)             or
(lastpage)             http://www.ctan.org/tex-archive/ 
(lastpage)             install/macros/latex/contrib/pageslts.tds.zip
(lastpage)             ! on input line 97.

(C:\CTEX\CTEX\MiKTeX\tex\latex\cjk\standard.bdg
File: standard.bdg 2008/12/29 4.8.2
)
(C:\CTEX\CTEX\MiKTeX\tex\latex\cjk\extended.enc
File: extended.enc 2008/12/29 4.8.2
)
(C:\CTEX\CTEX\MiKTeX\tex\latex\cjk\extended.chr
File: extended.chr 2008/12/29 4.8.2
)<<ot1.cmap>>
<title.png, id=936, 630.10406pt x 450.18187pt>
File: title.png Graphic file (type png)
 <use title.png>
Package pdftex.def Info: title.png used on input line 116.
(pdftex.def)             Requested size: 300.0pt x 214.33319pt.
LaTeX Font Info:    Try loading font information for C19+rm on input line 120.

(C:\CTEX\CTEX\MiKTeX\tex\latex\ctex\fd\c19rm.fd
File: c19rm.fd 2007/05/06 v0.8a ctex font definition file
)<<c1951.cmap>><<c1963.cmap>><<c1954.cmap>> [1

 <D:/Codes/The-Code-Library-of-xiaohai/title.png>]
LaTeX Font Info:    Try loading font information for OMS+cmr on input line 128.


(C:\CTEX\CTEX\MiKTeX\tex\latex\base\omscmr.fd
File: omscmr.fd 1999/05/25 v2.5h Standard LaTeX font definitions
)
LaTeX Font Info:    Font shape `OMS/cmr/bx/n' in size <10> not available
(Font)              Font shape `OMS/cmsy/b/n' tried instead on input line 128.
<<oms.cmap>>
Underfull \hbox (badness 10000) in paragraph at lines 125--130

 []


Underfull \hbox (badness 10000) in paragraph at lines 125--130

 []


Underfull \hbox (badness 10000) in paragraph at lines 125--130

 []


Underfull \hbox (badness 10000) in paragraph at lines 125--130

 []


Underfull \hbox (badness 10000) in paragraph at lines 125--130

 []


Underfull \hbox (badness 10000) in paragraph at lines 125--130

 []


Underfull \hbox (badness 10000) in paragraph at lines 125--130

 []


Underfull \hbox (badness 10000) in paragraph at lines 125--130

 []


Underfull \hbox (badness 10000) in paragraph at lines 125--130

 []


Underfull \hbox (badness 10000) in paragraph at lines 125--130

 []


Underfull \hbox (badness 10000) in paragraph at lines 125--130

 []


Underfull \hbox (badness 10000) in paragraph at lines 125--130

 []


Underfull \hbox (badness 10000) in paragraph at lines 125--130

 []


Underfull \hbox (badness 10000) in paragraph at lines 125--130

 []


Underfull \hbox (badness 10000) in paragraph at lines 125--130

 []


Underfull \hbox (badness 10000) in paragraph at lines 125--130

 []


Underfull \hbox (badness 10000) in paragraph at lines 125--130

 []


Underfull \hbox (badness 10000) in paragraph at lines 125--130

 []


Underfull \hbox (badness 10000) in paragraph at lines 125--130

 []


Underfull \hbox (badness 10000) in paragraph at lines 125--130

 []


Underfull \hbox (badness 10000) in paragraph at lines 125--130

 []


Underfull \hbox (badness 10000) in paragraph at lines 125--130

 []


Underfull \hbox (badness 10000) in paragraph at lines 125--130

 []


Underfull \hbox (badness 10000) in paragraph at lines 125--130

 []


Underfull \hbox (badness 10000) in paragraph at lines 125--130

 []


Underfull \hbox (badness 10000) in paragraph at lines 125--130

 []


Underfull \hbox (badness 10000) in paragraph at lines 125--130

 []


Underfull \hbox (badness 10000) in paragraph at lines 125--130

 []


Underfull \hbox (badness 10000) in paragraph at lines 125--130

 []


Underfull \hbox (badness 10000) in paragraph at lines 125--130

 []


Underfull \hbox (badness 10000) in paragraph at lines 125--130

 []


Underfull \hbox (badness 10000) in paragraph at lines 125--130

 []


Underfull \hbox (badness 10000) in paragraph at lines 125--130

 []


Underfull \hbox (badness 10000) in paragraph at lines 125--130

 []


Underfull \hbox (badness 10000) in paragraph at lines 125--130

 []


Underfull \hbox (badness 10000) in paragraph at lines 125--130

 []


Underfull \hbox (badness 10000) in paragraph at lines 125--130

 []


Underfull \hbox (badness 10000) in paragraph at lines 125--130

 []


Underfull \hbox (badness 10000) in paragraph at lines 125--130

 []


Underfull \hbox (badness 10000) in paragraph at lines 125--130

 []


Underfull \hbox (badness 10000) in paragraph at lines 125--130

 []

[2] (D:\Codes\The-Code-Library-of-xiaohai\vol1.toc<<oml.cmap>><<omx.cmap>>
LaTeX Font Info:    Try loading font information for U+msa on input line 1.

(C:\CTEX\CTEX\MiKTeX\tex\latex\amsfonts\umsa.fd
File: umsa.fd 2009/06/22 v3.00 AMS symbols A
)

LaTeX Warning: File u.cmap not found on input line 1.

LaTeX Font Info:    Try loading font information for U+msb on input line 1.
(C:\CTEX\CTEX\MiKTeX\tex\latex\amsfonts\umsb.fd
File: umsb.fd 2009/06/22 v3.00 AMS symbols B
)<<c1959.cmap>><<c1945.cmap>><<c1942.cmap>><<c1949.cmap>><<c1977.cmap>><<c1955.
cmap>><<c1936.cmap>><<c1939.cmap>><<c1947.cmap>><<c1941.cmap>><<c1940.cmap>><<c
1948.cmap>><<c1938.cmap>><<c1964.cmap>><<c1962.cmap>><<c1944.cmap>><<c1965.cmap
>><<c1937.cmap>><<c1956.cmap>><<c1943.cmap>> [3

]<<c1946.cmap>><<c1957.cmap>><<c1958.cmap>><<c1960.cmap>><<c1950.cmap>><<c1926.
cmap>>
Package CJKpunct Info: punctuation spaces for family 'zhsong' do not exist. Use
 family 'def' instead. on input line 51.
<<c1952.cmap>><<c1953.cmap>><<c1961.cmap>> [4] [5]<<c1982.cmap>> [6]
Overfull \hbox (1.74986pt too wide) detected at line 243
 \OT1/cmr/bx/n/10 119
 []


Overfull \hbox (1.74986pt too wide) detected at line 250
 \OT1/cmr/bx/n/10 129
 []

[7]
Overfull \hbox (1.74986pt too wide) detected at line 266
 \OT1/cmr/bx/n/10 171
 []


Overfull \hbox (1.74986pt too wide) detected at line 289
 \OT1/cmr/bx/n/10 211
 []

)
\tf@toc=\write4
 [8]
LaTeX Font Info:    Calculating math sizes for size <14> on input line 143.
<<c1983.cmap>><<c1925.cmap>>
LaTeX Font Info:    Font shape `OMS/cmr/m/n' in size <10> not available
(Font)              Font shape `OMS/cmsy/m/n' tried instead on input line 147.
 [1


] [2

]pdfTeX warning (ext4): destination with the same identifier (name{page.1}) has
 been already used, duplicate ignored
<to be read again> 
                   \relax 
l.165 \part{Fundamental}
                         [1

]pdfTeX warning (ext4): destination with the same identifier (name{page.2}) has
 been already used, duplicate ignored
<to be read again> 
                   \relax 
l.165 \part{Fundamental}
                         [2]
Chapter 1.
pdfTeX warning (ext4): destination with the same identifier (name{page.3}) has 
been already used, duplicate ignored
<to be read again> 
                   \relax 
l.194 
       [3

]
Underfull \vbox (badness 10000) has occurred while \output is active []

LaTeX Font Info:    Try loading font information for C19+tt on input line 239.

(C:\CTEX\CTEX\MiKTeX\tex\latex\ctex\fd\c19tt.fd
File: c19tt.fd 2007/05/06 v0.8a ctex font definition file
)pdfTeX warning (ext4): destination with the same identifier (name{page.4}) has
 been already used, duplicate ignored
<to be read again> 
                   \relax 
l.239 
       [4]pdfTeX warning (ext4): destination with the same identifier (name{pag
e.5}) has been already used, duplicate ignored
<to be read again> 
                   \relax 
l.249 \chapter
              {Technology} [5]pdfTeX warning (ext4): destination with the same 
identifier (name{page.6}) has been already used, duplicate ignored
<to be read again> 
                   \relax 
l.249 \chapter
              {Technology} [6

]
Chapter 2.
pdfTeX warning (ext4): destination with the same identifier (name{page.7}) has 
been already used, duplicate ignored
<to be read again> 
                   \relax 
l.281 const double eps = 1e-6;
                               [7]
Underfull \vbox (badness 10000) has occurred while \output is active []

pdfTeX warning (ext4): destination with the same identifier (name{page.8}) has 
been already used, duplicate ignored
<to be read again> 
                   \relax 
l.326     {
            [8]
Package CJKpunct Info: punctuation spaces for family 'zhfs' do not exist. Use f
amily 'def' instead. on input line 361.
 [9] [10]
Chapter 3.
[11

]
Overfull \hbox (32.29785pt too wide) in paragraph at lines 466--492
[][] 
 []


Underfull \vbox (badness 10000) has occurred while \output is active []

 [12]
Overfull \hbox (9.34026pt too wide) in paragraph at lines 550--551
[]\C19/rm/m/n/10/45 8 \C19/rm/m/n/10/43 ⁄ \C19/rm/m/n/10/40 ı \C19/rm/m/n/10/45
 8 \C19/rm/m/n/10/40  \C19/rm/m/n/10/53 ´ \C19/rm/m/n/10/37 O \C19/rm/m/n/10/5
5 ¥|\C19/rm/m/n/10/26 µ| \OT1/cmr/m/n/10 set\C19/rm/m/n/10/64 | \C19/rm/m/n/10/
38 ± \C19/rm/m/n/10/58 ç \C19/rm/m/n/10/61 ò \C19/rm/m/n/10/45 Ö \C19/rm/m/n/10
/64 ä|\C19/rm/m/n/10/26 ß| \OT1/cmr/m/n/10 set\C19/rm/m/n/10/64 • \C19/rm/m/n/1
0/40  \C19/rm/m/n/10/64 ä \C19/rm/m/n/10/40 — \C19/rm/m/n/10/55 ¥ \C19/rm/m/n/
10/57 A \C19/rm/m/n/10/40 Ω |\C19/rm/m/n/10/26 ß| \C19/rm/m/n/10/41  \C19/rm/
m/n/10/53 Ö \C19/rm/m/n/10/64 ê \C19/rm/m/n/10/38 — \C19/rm/m/n/10/59 y \C19/rm
/m/n/10/61 ò \C19/rm/m/n/10/39 g|\C19/rm/m/n/10/26 ∂| \C19/rm/m/n/10/41 \OT1/c
mr/m/n/10 multiset\C19/rm/m/n/10/64 •
 []


Overfull \hbox (66.42392pt too wide) in paragraph at lines 562--596
[][] 
 []


Underfull \vbox (badness 10000) has occurred while \output is active []

 [13]
[14]
Chapter 4.

Overfull \hbox (42.64609pt too wide) in paragraph at lines 600--601
[]\OT1/cmr/m/n/10 for\C19/rm/m/n/10/60 Ã \C19/rm/m/n/10/44 Ç \C19/rm/m/n/10/64 
• \C19/rm/m/n/10/65 5 \C19/rm/m/n/10/61 ø \C19/rm/m/n/10/37 ÿ \C19/rm/m/n/10/61
 á \C19/rm/m/n/10/36 r \C19/rm/m/n/10/43 º \C19/rm/m/n/10/55 Í \C19/rm/m/n/10/6
0  \C19/rm/m/n/10/63 3\OT1/cmr/m/n/10 for\C19/rm/m/n/10/40  \C19/rm/m/n/10/57
 ^ \C19/rm/m/n/10/45 á \C19/rm/m/n/10/52  \C19/rm/m/n/10/40 ‰ \C19/rm/m/n/10/6
4 •|\C19/rm/m/n/10/26 ß| \C19/rm/m/n/10/41 ƒ \C19/rm/m/n/10/63 K \C19/rm/m/n/10
/54 N \C19/rm/m/n/10/61 ¥\OT1/cmr/m/n/10 TLE|\C19/rm/m/n/10/25 "| \C19/rm/m/n/1
0/37 ' \C19/rm/m/n/10/54 X|\C19/rm/m/n/10/26 µ| \OT1/cmr/m/n/10 for(int i=0;i<s
trlen(str);i++)
 []


Overfull \hbox (0.17413pt too wide) in paragraph at lines 604--605
[]\C19/rm/m/n/10/55 √ \C19/rm/m/n/10/40 ƒ \C19/rm/m/n/10/48 * \C19/rm/m/n/10/63
 “|\C19/rm/m/n/10/26 µ| \OT1/cmr/m/n/10 #pragma com-men-t(linker, "/S-TACK:1024
00000,102400000") , \C19/rm/m/n/10/65 5 \C19/rm/m/n/10/61 ø \C19/rm/m/n/10/62 ^
\OT1/cmr/m/n/10 VC++\C19/rm/m/n/10/46 
 []

[15

] [16] [17

] [18]
Chapter 5.
[19

]
Underfull \vbox (badness 10000) has occurred while \output is active []

 [20]
Underfull \vbox (badness 10000) has occurred while \output is active []

 [21]
Underfull \vbox (badness 10000) has occurred while \output is active []

 [22]
Underfull \vbox (badness 10000) has occurred while \output is active []

 [23]
Underfull \vbox (badness 10000) has occurred while \output is active []

 [24]
Underfull \vbox (badness 10000) has occurred while \output is active []

 [25]
[26]
Underfull \vbox (badness 10000) has occurred while \output is active []

 [27]
Underfull \vbox (badness 10000) has occurred while \output is active []

 [28]
Underfull \vbox (badness 10000) has occurred while \output is active []

 [29]
Underfull \vbox (badness 10000) has occurred while \output is active []

 [30]

Package hyperref Warning: Token not allowed in a PDF string (PDFDocEncoding):
(hyperref)                removing `math shift' on input line 1164.


Package hyperref Warning: Token not allowed in a PDF string (PDFDocEncoding):
(hyperref)                removing `\mathop' on input line 1164.


Package hyperref Warning: Token not allowed in a PDF string (PDFDocEncoding):
(hyperref)                removing `\mathgroup' on input line 1164.


Package hyperref Warning: Token not allowed in a PDF string (PDFDocEncoding):
(hyperref)                removing `\symoperators' on input line 1164.


Package hyperref Warning: Token not allowed in a PDF string (PDFDocEncoding):
(hyperref)                removing `\@ifnextchar' on input line 1164.


Package hyperref Warning: Token not allowed in a PDF string (PDFDocEncoding):
(hyperref)                removing `math shift' on input line 1164.

[31]
Underfull \vbox (badness 10000) has occurred while \output is active []

 [32]
Underfull \vbox (badness 10000) has occurred while \output is active []

 [33]
[34]

Package hyperref Warning: Token not allowed in a PDF string (PDFDocEncoding):
(hyperref)                removing `math shift' on input line 1338.


Package hyperref Warning: Token not allowed in a PDF string (PDFDocEncoding):
(hyperref)                removing `superscript' on input line 1338.


Package hyperref Warning: Token not allowed in a PDF string (PDFDocEncoding):
(hyperref)                removing `math shift' on input line 1338.

[35] [36

]
Chapter 6.

Package hyperref Warning: Token not allowed in a PDF string (PDFDocEncoding):
(hyperref)                removing `math shift' on input line 1357.


Package hyperref Warning: Token not allowed in a PDF string (PDFDocEncoding):
(hyperref)                removing `math shift' on input line 1357.

[37]
Underfull \vbox (badness 10000) has occurred while \output is active []

 [38]

Package hyperref Warning: Token not allowed in a PDF string (PDFDocEncoding):
(hyperref)                removing `math shift' on input line 1453.


Package hyperref Warning: Token not allowed in a PDF string (PDFDocEncoding):
(hyperref)                removing `\mathop' on input line 1453.


Package hyperref Warning: Token not allowed in a PDF string (PDFDocEncoding):
(hyperref)                removing `\mathgroup' on input line 1453.


Package hyperref Warning: Token not allowed in a PDF string (PDFDocEncoding):
(hyperref)                removing `\symoperators' on input line 1453.


Package hyperref Warning: Token not allowed in a PDF string (PDFDocEncoding):
(hyperref)                removing `\@ifnextchar' on input line 1453.


Package hyperref Warning: Token not allowed in a PDF string (PDFDocEncoding):
(hyperref)                removing `math shift' on input line 1453.

Package CJKpunct Info: punctuation spaces for family 'zhhei' do not exist. Use 
family 'def' instead. on input line 1474.

Package hyperref Warning: Token not allowed in a PDF string (PDFDocEncoding):
(hyperref)                removing `math shift' on input line 1474.


Package hyperref Warning: Token not allowed in a PDF string (PDFDocEncoding):
(hyperref)                removing `\mathop' on input line 1474.


Package hyperref Warning: Token not allowed in a PDF string (PDFDocEncoding):
(hyperref)                removing `\mathgroup' on input line 1474.


Package hyperref Warning: Token not allowed in a PDF string (PDFDocEncoding):
(hyperref)                removing `\symoperators' on input line 1474.


Package hyperref Warning: Token not allowed in a PDF string (PDFDocEncoding):
(hyperref)                removing `\@ifnextchar' on input line 1474.


Package hyperref Warning: Token not allowed in a PDF string (PDFDocEncoding):
(hyperref)                removing `math shift' on input line 1474.

[39]

Package hyperref Warning: Token not allowed in a PDF string (PDFDocEncoding):
(hyperref)                removing `math shift' on input line 1492.


Package hyperref Warning: Token not allowed in a PDF string (PDFDocEncoding):
(hyperref)                removing `\mathop' on input line 1492.


Package hyperref Warning: Token not allowed in a PDF string (PDFDocEncoding):
(hyperref)                removing `\mathgroup' on input line 1492.


Package hyperref Warning: Token not allowed in a PDF string (PDFDocEncoding):
(hyperref)                removing `\symoperators' on input line 1492.


Package hyperref Warning: Token not allowed in a PDF string (PDFDocEncoding):
(hyperref)                removing `\@ifnextchar' on input line 1492.


Package hyperref Warning: Token not allowed in a PDF string (PDFDocEncoding):
(hyperref)                removing `math shift' on input line 1492.

[40]

Package hyperref Warning: Token not allowed in a PDF string (PDFDocEncoding):
(hyperref)                removing `math shift' on input line 1537.


Package hyperref Warning: Token not allowed in a PDF string (PDFDocEncoding):
(hyperref)                removing `superscript' on input line 1537.


Package hyperref Warning: Token not allowed in a PDF string (PDFDocEncoding):
(hyperref)                removing `math shift' on input line 1537.

[41]

Package hyperref Warning: Token not allowed in a PDF string (PDFDocEncoding):
(hyperref)                removing `math shift' on input line 1589.


Package hyperref Warning: Token not allowed in a PDF string (PDFDocEncoding):
(hyperref)                removing `superscript' on input line 1589.


Package hyperref Warning: Token not allowed in a PDF string (PDFDocEncoding):
(hyperref)                removing `math shift' on input line 1589.

[42]
Overfull \hbox (8.94989pt too wide) in paragraph at lines 1628--1628
[]\OT1/cmtt/m/n/10 //\C19/tt/m/n/10/62 k\OT1/cmtt/m/n/10 equ\C19/tt/m/n/10/42 á
 \C19/tt/m/n/10/41 ê \C19/tt/m/n/10/38 ß|\C19/tt/m/n/10/26 ß| \OT1/cmtt/m/n/10 
var\C19/tt/m/n/10/42 á \C19/tt/m/n/10/37 C \C19/tt/m/n/10/63 |\C19/tt/m/n/10/2
5 "| \C19/tt/m/n/10/63 O \C19/tt/m/n/10/43 2 \C19/tt/m/n/10/46 › \C19/tt/m/n/10
/64 
 \C19/tt/m/n/10/60 1 \C19/tt/m/n/10/55 Í \C19/tt/m/n/10/58 è\OT1/cmtt/m/n/10 eq
u,\C19/tt/m/n/10/41 © \C19/tt/m/n/10/37 O \C19/tt/m/n/10/58 è\OT1/cmtt/m/n/10 0
\C19/tt/m/n/10/40 \OT1/cmtt/m/n/10 equ-1,\C19/tt/m/n/10/49  \C19/tt/m/n/10/55
 Í \C19/tt/m/n/10/58 è\OT1/cmtt/m/n/10 var+1,\C19/tt/m/n/10/41 © \C19/tt/m/n/10
/37 O \C19/tt/m/n/10/58 è\OT1/cmtt/m/n/10 0\C19/tt/m/n/10/40 \OT1/cmtt/m/n/10 
var.[] 
 []


Underfull \vbox (badness 10000) has occurred while \output is active []

 [43]
Overfull \hbox (11.44968pt too wide) in paragraph at lines 1698--1698
[]            \OT1/cmtt/m/n/10 // \C19/tt/m/n/10/40 1\OT1/cmtt/m/n/10 i\C19/tt/
m/n/10/60 1 \C19/tt/m/n/10/61 ò \C19/tt/m/n/10/40 Ω \C19/tt/m/n/10/37 ÿ \C19/tt
/m/n/10/44 ¨ \C19/tt/m/n/10/55 ¥\OT1/cmtt/m/n/10 (0, 0, ..., 0)\C19/tt/m/n/10/4
0  \C19/tt/m/n/10/53 ú \C19/tt/m/n/10/47 π|\C19/tt/m/n/10/26 ß| \C19/tt/m/n/10
/61 œ \C19/tt/m/n/10/58 è \C19/tt/m/n/10/63 ˘ \C19/tt/m/n/10/61  \C19/tt/m/n/1
0/40  \C19/tt/m/n/10/60 1 \C19/tt/m/n/10/55 ¥ \C19/tt/m/n/10/63 3 \C19/tt/m/n/
10/40 1\OT1/cmtt/m/n/10 k\C19/tt/m/n/10/60 1 \C19/tt/m/n/10/40  1\OT1/cmtt/m/n
/10 equ \C19/tt/m/n/10/60 1\OT1/cmtt/m/n/10 .[] 
 []


Underfull \vbox (badness 10000) has occurred while \output is active []

 [44]
Underfull \vbox (badness 10000) has occurred while \output is active []

 [45]
[46] [47]
Overfull \hbox (103.1967pt too wide) in paragraph at lines 1866--1866
[]        \OT1/cmtt/m/n/10 fraction tmp = new fraction( a.multiply( t.b ).add( 
b.multiply( t.a )) , b.multiply(t.b) );[] 
 []


Overfull \hbox (129.44647pt too wide) in paragraph at lines 1871--1871
[]        \OT1/cmtt/m/n/10 fraction tmp = new fraction( a.multiply( t.b ).subtr
act( b.multiply( t.a )) , b.multiply(t.b) );[] 
 []


Underfull \vbox (badness 10000) has occurred while \output is active []

 [48]
Overfull \hbox (244.94547pt too wide) in paragraph at lines 1917--1917
[]    \OT1/cmtt/m/n/10 public static void lup_solve( fraction x[], fraction y[]
, fraction L[][], fraction U[][], int pi[], fraction b[], int n) {[] 
 []


Underfull \vbox (badness 10000) has occurred while \output is active []

 [49]
Overfull \hbox (13.94748pt too wide) in paragraph at lines 1933--1933
[]            \OT1/cmtt/m/n/10 x[i] = (y[i].sub( sum )).div( U[i][i] );//x[i] =
 (y[i] - sum)/U[i][i];[] 
 []


Overfull \hbox (281.69514pt too wide) in paragraph at lines 1939--1939
[]        \OT1/cmtt/m/n/10 fraction p = new fraction(BigInteger.valueOf(0), Big
Integer.ONE ), z = new fraction( BigInteger.valueOf(0), BigInteger.ONE );[] 
 []


Overfull \hbox (55.94711pt too wide) in paragraph at lines 1963--1963
[]                    \OT1/cmtt/m/n/10 a[i][j] = a[i][j].sub( a[i][k].mult(a[k]
[j]));// - a[i][k] * a[k][j] ;[] 
 []


Underfull \vbox (badness 10000) has occurred while \output is active []

 [50]
Overfull \hbox (55.94711pt too wide) in paragraph at lines 1997--1997
[]                    \OT1/cmtt/m/n/10 a[i][j] = new fraction( BigInteger.value
Of(0), BigInteger.valueOf(1));[] 
 []


Overfull \hbox (61.19707pt too wide) in paragraph at lines 1999--1999
[]                    \OT1/cmtt/m/n/10 aa[i][j] = new fraction( BigInteger.valu
eOf(0), BigInteger.valueOf(1));[] 
 []


Overfull \hbox (19.19743pt too wide) in paragraph at lines 2002--2002
[]                \OT1/cmtt/m/n/10 B[i] = new fraction( BigInteger.valueOf(0), 
BigInteger.valueOf(1));[] 
 []


Overfull \hbox (19.19743pt too wide) in paragraph at lines 2004--2004
[]                \OT1/cmtt/m/n/10 x[i] = new fraction( BigInteger.valueOf(0), 
BigInteger.valueOf(1));[] 
 []


Overfull \hbox (19.19743pt too wide) in paragraph at lines 2005--2005
[]                \OT1/cmtt/m/n/10 y[i] = new fraction( BigInteger.valueOf(0), 
BigInteger.valueOf(1));[] 
 []


Underfull \vbox (badness 10000) has occurred while \output is active []

 [51]
Underfull \vbox (badness 1259) has occurred while \output is active []

 [52]
[53]
Overfull \hbox (55.94711pt too wide) in paragraph at lines 2153--2153
[]\OT1/cmtt/m/n/10 double Romberg (double a, double b, double (*f)(double x, do
uble y, double z), double eps,[] 
 []

[54]
Overfull \hbox (3.44757pt too wide) in paragraph at lines 2179--2179
[]            \OT1/cmtt/m/n/10 R[1][j] = R[1][j - 1] + (R[1][j - 1] - R[0][j - 
1]) / (temp4 - 1.0);[] 
 []


Overfull \hbox (55.94711pt too wide) in paragraph at lines 2192--2192
[]\OT1/cmtt/m/n/10 double Integral(double a, double b, double (*f)(double x, do
uble y, double z), double eps,[] 
 []


Underfull \vbox (badness 10000) has occurred while \output is active []

 [55]
[56] [57] [58]
Underfull \vbox (badness 10000) has occurred while \output is active []

 [59]
Underfull \vbox (badness 10000) has occurred while \output is active []

 [60]
Underfull \vbox (badness 10000) has occurred while \output is active []

 [61]

Package hyperref Warning: Token not allowed in a PDF string (PDFDocEncoding):
(hyperref)                removing `math shift' on input line 2488.


Package hyperref Warning: Token not allowed in a PDF string (PDFDocEncoding):
(hyperref)                removing `\mathop' on input line 2488.


Package hyperref Warning: Token not allowed in a PDF string (PDFDocEncoding):
(hyperref)                removing `\mathgroup' on input line 2488.


Package hyperref Warning: Token not allowed in a PDF string (PDFDocEncoding):
(hyperref)                removing `\symoperators' on input line 2488.


Package hyperref Warning: Token not allowed in a PDF string (PDFDocEncoding):
(hyperref)                removing `\@ifnextchar' on input line 2488.


Package hyperref Warning: Token not allowed in a PDF string (PDFDocEncoding):
(hyperref)                removing `math shift' on input line 2488.

[62]

Package hyperref Warning: Token not allowed in a PDF string (PDFDocEncoding):
(hyperref)                removing `math shift' on input line 2526.


Package hyperref Warning: Token not allowed in a PDF string (PDFDocEncoding):
(hyperref)                removing `\mathop' on input line 2526.


Package hyperref Warning: Token not allowed in a PDF string (PDFDocEncoding):
(hyperref)                removing `\mathgroup' on input line 2526.


Package hyperref Warning: Token not allowed in a PDF string (PDFDocEncoding):
(hyperref)                removing `\symoperators' on input line 2526.


Package hyperref Warning: Token not allowed in a PDF string (PDFDocEncoding):
(hyperref)                removing `\@ifnextchar' on input line 2526.


Package hyperref Warning: Token not allowed in a PDF string (PDFDocEncoding):
(hyperref)                removing `math shift' on input line 2526.

[63] [64]
Chapter 7.
[65

] [66] [67] [68]

LaTeX Warning: File `Bell Triangle.png' not found on input line 2720.

<Bell Triangle.png, id=1732, 621.07031pt x 346.29375pt>
File: Bell Triangle.png Graphic file (type png)

<use Bell Triangle.png>
Package pdftex.def Info: Bell Triangle.png used on input line 2720.
(pdftex.def)             Requested size: 400.0pt x 223.0275pt.
<<c1929.cmap>> [69 <D:/Codes/The-Code-Library-of-xiaohai/Bell Triangle.png>] [7
0]
<pingmianhuafen.png, id=1748, 318.43968pt x 87.32625pt>
File: pingmianhuafen.png Graphic file (type png)

<use pingmianhuafen.png>
Package pdftex.def Info: pingmianhuafen.png used on input line 2798.
(pdftex.def)             Requested size: 300.0pt x 82.26923pt.


Package hyperref Warning: Token not allowed in a PDF string (PDFDocEncoding):
(hyperref)                removing `math shift' on input line 2800.


Package hyperref Warning: Token not allowed in a PDF string (PDFDocEncoding):
(hyperref)                removing `math shift' on input line 2800.


Package hyperref Warning: Token not allowed in a PDF string (PDFDocEncoding):
(hyperref)                removing `math shift' on input line 2801.


Package hyperref Warning: Token not allowed in a PDF string (PDFDocEncoding):
(hyperref)                removing `math shift' on input line 2801.

<<c1978.cmap>> [71 <D:/Codes/The-Code-Library-of-xiaohai/pingmianhuafen.png>]

Package hyperref Warning: Token not allowed in a PDF string (PDFDocEncoding):
(hyperref)                removing `math shift' on input line 2818.


Package hyperref Warning: Token not allowed in a PDF string (PDFDocEncoding):
(hyperref)                removing `math shift' on input line 2818.


Package hyperref Warning: Token not allowed in a PDF string (PDFDocEncoding):
(hyperref)                removing `math shift' on input line 2818.


Package hyperref Warning: Token not allowed in a PDF string (PDFDocEncoding):
(hyperref)                removing `math shift' on input line 2818.

[72] [73] [74

]
Chapter 8.
[75] [76]
Overfull \hbox (83.23233pt too wide) in paragraph at lines 2929--2930
[]\C19/rm/m/n/10/45 b \C19/rm/m/n/10/55 $\OT1/cmr/m/n/10 (\OML/cmm/m/it/10 x[]
; []  ; x[]\OT1/cmr/m/n/10 )[]$ \C19/rm/m/n/10/43 ⁄$\OT1/cmr/m/n/10 (\OML/cmm/m
/it/10 y[]; []  ; y[]\OT1/cmr/m/n/10 )[]$ \C19/rm/m/n/10/40 \OT1/cmr/m/n/10 ni
m-sum \C19/rm/m/n/10/55 ¥$\OT1/cmr/m/n/10 (\OML/cmm/m/it/10 z[]; []  ; z[]\OT1/
cmr/m/n/10 )[]$|\C19/rm/m/n/10/26 ß| \C19/rm/m/n/10/63 K \C19/rm/m/n/10/58 ∑ \C
19/rm/m/n/10/50 Ç \C19/rm/m/n/10/37 L \C19/rm/m/n/10/55 ´ \C19/rm/m/n/10/38 §$\
OT1/cmr/m/n/10 (\OML/cmm/m/it/10 x[]; []  ; x[]\OT1/cmr/m/n/10 )[] [](\OML/cmm/
m/it/10 y[]; []  ; y[]\OT1/cmr/m/n/10 )[] =
 []


Overfull \hbox (52.42104pt too wide) in paragraph at lines 2932--2933
[]\C19/rm/m/n/10/40 È \C19/rm/m/n/10/62 u\OT1/cmr/m/n/10 nim \C19/rm/m/n/10/62 
i \C19/rm/m/n/10/59 Z \C19/rm/m/n/10/40  \C19/rm/m/n/10/51 , \C19/rm/m/n/10/42
 á \C19/rm/m/n/10/58 † \C19/rm/m/n/10/64 ò$\OT1/cmr/m/n/10 (\OML/cmm/m/it/10 x[
]; []  ; x[]\OT1/cmr/m/n/10 )$|\C19/rm/m/n/10/26 ß| \C19/rm/m/n/10/40  \C19/rm
/m/n/10/53 Ö \C19/rm/m/n/10/46 = \C19/rm/m/n/10/40  \C19/rm/m/n/10/56 ß \C19/r
m/m/n/10/42 à \C19/rm/m/n/10/37 ‹ \C19/rm/m/n/10/41 © \C19/rm/m/n/10/40 \OT1/c
mr/m/n/10 nim-sum \C19/rm/m/n/10/40  \C19/rm/m/n/10/62 u\OT1/cmr/m/n/10 0 \C19
/rm/m/n/10/55 û |\C19/rm/m/n/10/26 £|\C19/rm/m/n/10/45 =$\OML/cmm/m/it/10 x[] [
] [] [] x[] \OT1/cmr/m/n/10 =
 []

[77] [78] [79] [80

]
Chapter 9.
[81]
Overfull \hbox (34.48521pt too wide) in paragraph at lines 3070--3071
[]\C19/rm/m/n/10/57 ˇ \C19/rm/m/n/10/63 – \C19/rm/m/n/10/51 Ó \C19/rm/m/n/10/45
 A \C19/rm/m/n/10/48 p \C19/rm/m/n/10/40  Ω \C19/rm/m/n/10/48 n|\C19/rm/m/n/10
/26 µ| \C19/rm/m/n/10/40 È \C19/rm/m/n/10/62 u \C19/rm/m/n/10/37 ÿ \C19/rm/m/n/
10/58  \C19/rm/m/n/10/54  \C19/rm/m/n/10/58 è\OT1/cmr/m/n/10 0 \C19/rm/m/n/10
/40  \C19/rm/m/n/10/41 ö \C19/rm/m/n/10/42 K \C19/rm/m/n/10/64  \C19/rm/m/n/1
0/55 Í\OT1/cmr/m/n/10 a|\C19/rm/m/n/10/26 ß| \OT1/cmr/m/n/10 b|\C19/rm/m/n/10/2
6 ß| \C19/rm/m/n/10/37 7 \C19/rm/m/n/10/54 , \C19/rm/m/n/10/39  \C19/rm/m/n/10
/63 3 \C19/rm/m/n/10/64  \C19/rm/m/n/10/55 Í \C19/rm/m/n/10/40 È\OT1/cmr/m/n/1
0 x|\C19/rm/m/n/10/26 ß| \OT1/cmr/m/n/10 y|\C19/rm/m/n/10/26 ß| \C19/rm/m/n/10/
55 ¶ \C19/rm/m/n/10/40 \OT1/cmr/m/n/10 ax+by=gcd(a,b)|\C19/rm/m/n/10/25 "|
 []


Underfull \hbox (badness 10000) in paragraph at lines 3070--3071

 []

[82]
Overfull \hbox (5.99811pt too wide) in paragraph at lines 3103--3104
\C19/rm/m/n/10/63 K\OT1/cmr/m/n/10 n \C19/rm/m/n/10/40  \C19/rm/m/n/10/64  \C
19/rm/m/n/10/63  \C19/rm/m/n/10/55 Í \C19/rm/m/n/10/40  \C19/rm/m/n/10/42 á \
C19/rm/m/n/10/55 Í \C19/rm/m/n/10/46 “ \C19/rm/m/n/10/55 ¥$[]$|\C19/rm/m/n/10/2
5 "| \C19/rm/m/n/10/52 Ÿ \C19/rm/m/n/10/64 •$[]$
 []


Package hyperref Warning: Token not allowed in a PDF string (PDFDocEncoding):
(hyperref)                removing `math shift' on input line 3109.


Package hyperref Warning: Token not allowed in a PDF string (PDFDocEncoding):
(hyperref)                removing `\@ifnextchar' on input line 3109.


Package hyperref Warning: Token not allowed in a PDF string (PDFDocEncoding):
(hyperref)                removing `math shift' on input line 3109.

[83]

Package hyperref Warning: Token not allowed in a PDF string (PDFDocEncoding):
(hyperref)                removing `math shift' on input line 3135.


Package hyperref Warning: Token not allowed in a PDF string (PDFDocEncoding):
(hyperref)                removing `math shift' on input line 3135.


Package hyperref Warning: Token not allowed in a PDF string (PDFDocEncoding):
(hyperref)                removing `math shift' on input line 3158.


Package hyperref Warning: Token not allowed in a PDF string (PDFDocEncoding):
(hyperref)                removing `\@ifnextchar' on input line 3158.


Package hyperref Warning: Token not allowed in a PDF string (PDFDocEncoding):
(hyperref)                removing `math shift' on input line 3158.

[84]

Package hyperref Warning: Token not allowed in a PDF string (PDFDocEncoding):
(hyperref)                removing `math shift' on input line 3184.


Package hyperref Warning: Token not allowed in a PDF string (PDFDocEncoding):
(hyperref)                removing `\@ifnextchar' on input line 3184.


Package hyperref Warning: Token not allowed in a PDF string (PDFDocEncoding):
(hyperref)                removing `math shift' on input line 3184.


Package hyperref Warning: Token not allowed in a PDF string (PDFDocEncoding):
(hyperref)                removing `math shift' on input line 3207.


Package hyperref Warning: Token not allowed in a PDF string (PDFDocEncoding):
(hyperref)                removing `\@ifnextchar' on input line 3207.


Package hyperref Warning: Token not allowed in a PDF string (PDFDocEncoding):
(hyperref)                removing `math shift' on input line 3207.

[85] [86]

Package hyperref Warning: Token not allowed in a PDF string (PDFDocEncoding):
(hyperref)                removing `math shift' on input line 3300.


Package hyperref Warning: Token not allowed in a PDF string (PDFDocEncoding):
(hyperref)                removing `math shift' on input line 3300.

[87]

Package hyperref Warning: Token not allowed in a PDF string (PDFDocEncoding):
(hyperref)                removing `math shift' on input line 3302.


Package hyperref Warning: Token not allowed in a PDF string (PDFDocEncoding):
(hyperref)                removing `math shift' on input line 3302.


Overfull \hbox (5.9757pt too wide) in paragraph at lines 3307--3308
[] []\OT1/cmr/bx/n/10 Prim-i-tive Root(\C19/rm/bx/n/10/63  \C19/rm/bx/n/10/42 
ä\OT1/cmr/bx/n/10 )[] \C19/rm/m/n/10/55 $\OML/cmm/m/it/10 m$\C19/rm/m/n/10/55 
¥ \C19/rm/m/n/10/64   \C19/rm/m/n/10/55 Í|\C19/rm/m/n/10/26 ß| $\OML/cmm/m/it
/10 a$\C19/rm/m/n/10/55 ¥ \C19/rm/m/n/10/64  \C19/rm/m/n/10/55 Í|\C19/rm/m/n/1
0/26 ß| \C19/rm/m/n/10/54 e$\OML/cmm/m/it/10 a mod m$\C19/rm/m/n/10/40  \C19/r
m/m/n/10/46  \C19/rm/m/n/10/40  \C19/rm/m/n/10/62 u$\OML/cmm/m/it/10 '\OT1/cm
r/m/n/10 (\OML/cmm/m/it/10 m\OT1/cmr/m/n/10 )$|\C19/rm/m/n/10/26 ß| \C19/rm/m/n
/10/63 K \C19/rm/m/n/10/38 °$\OML/cmm/m/it/10 a$ \C19/rm/m/n/10/58 è$\OML/cmm/m
/it/10 mod m$\C19/rm/m/n/10/40 
 []

[88] [89] [90

]
Chapter 10.
[91] [92]
Underfull \vbox (badness 10000) has occurred while \output is active []

 [93]
[94] [95] [96] [97] [98] [99] [100] [101] [102]
Underfull \vbox (badness 4441) has occurred while \output is active []

 [103]
[104] [105]
Underfull \vbox (badness 10000) has occurred while \output is active []

 [106]
Underfull \vbox (badness 10000) has occurred while \output is active []

 [107]
Underfull \vbox (badness 10000) has occurred while \output is active []

 [108]
Underfull \vbox (badness 10000) has occurred while \output is active []

 [109]
[110] [111]
Overfull \hbox (29.69734pt too wide) in paragraph at lines 4326--4326
[]                \OT1/cmtt/m/n/10 PonSegment2D(p2, l) && sgn((p2-p1)*(p-p1))*s
gn((p3-p2)*(p-p2)) > 0 ||[] 
 []

[112]

Package hyperref Warning: Token not allowed in a PDF string (PDFDocEncoding):
(hyperref)                removing `math shift' on input line 4369.


Package hyperref Warning: Token not allowed in a PDF string (PDFDocEncoding):
(hyperref)                removing `\mathop' on input line 4369.


Package hyperref Warning: Token not allowed in a PDF string (PDFDocEncoding):
(hyperref)                removing `\mathgroup' on input line 4369.


Package hyperref Warning: Token not allowed in a PDF string (PDFDocEncoding):
(hyperref)                removing `\symoperators' on input line 4369.


Package hyperref Warning: Token not allowed in a PDF string (PDFDocEncoding):
(hyperref)                removing `\@ifnextchar' on input line 4369.


Package hyperref Warning: Token not allowed in a PDF string (PDFDocEncoding):
(hyperref)                removing `math shift' on input line 4369.

[113]

Package hyperref Warning: Token not allowed in a PDF string (PDFDocEncoding):
(hyperref)                removing `math shift' on input line 4437.


Package hyperref Warning: Token not allowed in a PDF string (PDFDocEncoding):
(hyperref)                removing `math shift' on input line 4437.

[114]
Underfull \vbox (badness 10000) has occurred while \output is active []

 [115]
[116] [117

] [118]
Chapter 11.
[119

] [120] [121]
Overfull \hbox (24.7496pt too wide) in paragraph at lines 4633--4633
[]\C19/tt/m/n/10/63 3 \C19/tt/m/n/10/37 ø \C19/tt/m/n/10/38  \C19/tt/m/n/10/45
 8 \C19/tt/m/n/10/46 ? \C19/tt/m/n/10/60 1 ÿ \C19/tt/m/n/10/56 † \C19/tt/m/n/10
/49 ¥ \C19/tt/m/n/10/46 ª \C19/tt/m/n/10/40  \C19/tt/m/n/10/55 û \C19/tt/m/n/1
0/43 ˇ|\C19/tt/m/n/10/26 ß| \C19/tt/m/n/10/50 ≤ \C19/tt/m/n/10/59 w \C19/tt/m/n
/10/62 k|\C19/tt/m/n/10/26 µ| \OT1/cmtt/m/n/10 fa[x] = fa[pref]|\C19/tt/m/n/10/
26 ß| \C19/tt/m/n/10/64 É \C19/tt/m/n/10/44   \C19/tt/m/n/10/46 “ \C19/tt/m/n/1
0/62 k\OT1/cmtt/m/n/10 ve[x] = ve[pref] ^ ve[x]|\C19/tt/m/n/10/26 ß|
 []


Overfull \hbox (8.64926pt too wide) in paragraph at lines 4638--4638
\C19/tt/m/n/10/45 8 \C19/tt/m/n/10/64 • \C19/tt/m/n/10/55 ‰ \C19/tt/m/n/10/42 ä
 \C19/tt/m/n/10/58 è\OT1/cmtt/m/n/10 r|\C19/tt/m/n/10/26 ß| \C19/tt/m/n/10/51 @
 \C19/tt/m/n/10/50 o \C19/tt/m/n/10/57 œ \C19/tt/m/n/10/43 L\OT1/cmtt/m/n/10 ve
\C19/tt/m/n/10/55 Í \C19/tt/m/n/10/65 ||\C19/tt/m/n/10/26 ß| \C19/tt/m/n/10/58 
∑ \C19/tt/m/n/10/50 Ç \C19/tt/m/n/10/64  \C19/tt/m/n/10/40 \OT1/cmtt/m/n/10 v
e[a] = r ^ a, ve[b] = r ^ b, ve[c] = r ^ c..|\C19/tt/m/n/10/25 "|
 []


Overfull \hbox (8.64926pt too wide) in paragraph at lines 4639--4639
\C19/tt/m/n/10/45 8 \C19/tt/m/n/10/64 • \C19/tt/m/n/10/55 ‰ \C19/tt/m/n/10/42 ä
 \C19/tt/m/n/10/58 è\OT1/cmtt/m/n/10 r|\C19/tt/m/n/10/26 ß| \C19/tt/m/n/10/51 @
 \C19/tt/m/n/10/50 o \C19/tt/m/n/10/57 œ \C19/tt/m/n/10/43 L\OT1/cmtt/m/n/10 ve
\C19/tt/m/n/10/55 Í \C19/tt/m/n/10/65 ||\C19/tt/m/n/10/26 ß| \C19/tt/m/n/10/58 
∑ \C19/tt/m/n/10/50 Ç \C19/tt/m/n/10/64  \C19/tt/m/n/10/40 \OT1/cmtt/m/n/10 v
e[a] = r ^ a, ve[b] = r ^ b, ve[c] = r ^ c..|\C19/tt/m/n/10/25 "|
 []


Underfull \vbox (badness 10000) has occurred while \output is active []

 [122]
Underfull \vbox (badness 10000) has occurred while \output is active []

 [123]
Underfull \vbox (badness 10000) has occurred while \output is active []

 [124]
Overfull \hbox (1.94783pt too wide) in paragraph at lines 4767--4767
[]    \OT1/cmtt/m/n/10 for (i = 1; i <= N; i ++) id[i] = p[i] = sum[i] = i, num
[i] = 1; ///id\C19/tt/m/n/10/55 Í \C19/tt/m/n/10/65 | \C19/tt/m/n/10/55 ¥
 []

[125] [126]
Overfull \hbox (24.44739pt too wide) in paragraph at lines 4868--4868
[]            \OT1/cmtt/m/n/10 LL  sumu = val[ru] + (LL)w * cnt[rv] , sumv = va
l[rv] + (LL)w * cnt[ru];[] 
 []


Underfull \vbox (badness 10000) has occurred while \output is active []

 [127]
[128]
Chapter 12.
[129

]
Underfull \vbox (badness 10000) has occurred while \output is active []

 [130]
[131]
Underfull \vbox (badness 10000) has occurred while \output is active []

 [132]
[133] [134]
Underfull \vbox (badness 10000) has occurred while \output is active []

 [135]
Underfull \vbox (badness 10000) has occurred while \output is active []

 [136]
[137]
Overfull \hbox (8.69753pt too wide) in paragraph at lines 5278--5278
[]        \OT1/cmtt/m/n/10 msum[rt<<1|1] = lsum[rt<<1|1] = rsum[rt<<1|1] = cove
r[rt] ? 0 : (m >> 1);[] 
 []


Overfull \hbox (19.19743pt too wide) in paragraph at lines 5288--5288
[]    \OT1/cmtt/m/n/10 msum[rt] = max(lsum[rt<<1|1] + rsum[rt<<1] , max(msum[rt
<<1] , msum[rt<<1|1]));[] 
 []


Underfull \vbox (badness 10000) has occurred while \output is active []

 [138]
[139]
Overfull \hbox (8.69753pt too wide) in paragraph at lines 5379--5379
[]        \OT1/cmtt/m/n/10 msum[rt<<1|1] = lsum[rt<<1|1] = rsum[rt<<1|1] = cove
r[rt] ? 0 : (m >> 1);[] 
 []


Overfull \hbox (19.19743pt too wide) in paragraph at lines 5389--5389
[]    \OT1/cmtt/m/n/10 msum[rt] = max(lsum[rt<<1|1] + rsum[rt<<1] , max(msum[rt
<<1] , msum[rt<<1|1]));[] 
 []


Underfull \vbox (badness 10000) has occurred while \output is active []

 [140]
[141]
Underfull \vbox (badness 10000) has occurred while \output is active []

 [142]
Underfull \vbox (badness 10000) has occurred while \output is active []

 [143]
Underfull \vbox (badness 10000) has occurred while \output is active []

 [144]
Underfull \vbox (badness 10000) has occurred while \output is active []

 [145]
Overfull \hbox (160.19875pt too wide) in paragraph at lines 5660--5660
[]\OT1/cmtt/m/n/10 //\C19/tt/m/n/10/42 â \C19/tt/m/n/10/40 Ω \C19/tt/m/n/10/61 
ò \C19/tt/m/n/10/42 á \C19/tt/m/n/10/60 S \C19/tt/m/n/10/49 |\C19/tt/m/n/10/26
 ß| \C19/tt/m/n/10/40 ı \C19/tt/m/n/10/39 g \C19/tt/m/n/10/60 Œ \C19/tt/m/n/10/
58 Ø \C19/tt/m/n/10/53 ´ \C19/tt/m/n/10/45 m \C19/tt/m/n/10/40 \OT1/cmtt/m/n/1
0 [ai,bi],\C19/tt/m/n/10/53 ¶\OT1/cmtt/m/n/10 ai-->bi \C19/tt/m/n/10/64 • \C19/
tt/m/n/10/65 Å \C19/tt/m/n/10/39 å \C19/tt/m/n/10/40  \C19/tt/m/n/10/48 Î \C19
/tt/m/n/10/60 Y \C19/tt/m/n/10/53 ´ \C19/tt/m/n/10/45 m \C19/tt/m/n/10/43 ⁄ \C1
9/tt/m/n/10/40  \C19/tt/m/n/10/65 Å \C19/tt/m/n/10/39 å \C19/tt/m/n/10/64 ä |\
C19/tt/m/n/10/26 £|\OT1/cmtt/m/n/10 num[q]+num[q+1]+num[q+2]+...+num[q]),[] 
 []

[146]
Underfull \vbox (badness 10000) has occurred while \output is active []

 [147]
Overfull \hbox (71.19705pt too wide) in paragraph at lines 5727--5727
[]            \OT1/cmtt/m/n/10 max_sub[o] = better(max_sub[o], make_pair(max_su
ffix[lc], max_prefix[rc])); // \C19/tt/m/n/10/47 ™
 []


Underfull \vbox (badness 10000) has occurred while \output is active []

 [148]
[149]
Underfull \vbox (badness 10000) has occurred while \output is active []

 [150]
Underfull \vbox (badness 10000) has occurred while \output is active []

 [151]
Underfull \vbox (badness 10000) has occurred while \output is active []

 [152]
Underfull \vbox (badness 10000) has occurred while \output is active []

 [153]
Overfull \hbox (8.69753pt too wide) in paragraph at lines 6012--6012
[]    \OT1/cmtt/m/n/10 // reverse the l-th element to the r-th element in the s
play tree(inclusive),[] 
 []


Underfull \vbox (badness 10000) has occurred while \output is active []

 [154]
Underfull \vbox (badness 10000) has occurred while \output is active []

 [155]
Underfull \vbox (badness 10000) has occurred while \output is active []

 [156]
Overfull \hbox (25.69923pt too wide) in paragraph at lines 6160--6160
[]    \OT1/cmtt/m/n/10 /// \C19/tt/m/n/10/36 r\OT1/cmtt/m/n/10 o\C19/tt/m/n/10/
40  \C19/tt/m/n/10/53 c\OT1/cmtt/m/n/10 k\C19/tt/m/n/10/60  \C19/tt/m/n/10/46
 ( \C19/tt/m/n/10/40 : \C19/tt/m/n/10/41 ò \C19/tt/m/n/10/63 3\OT1/cmtt/m/n/10 
left\C19/tt/m/n/10/48 p|\C19/tt/m/n/10/26 ß| \C19/tt/m/n/10/52 Ÿ \C19/tt/m/n/10
/56 ¶ \C19/tt/m/n/10/40  \C19/tt/m/n/10/41 ò \C19/tt/m/n/10/63 3\OT1/cmtt/m/n/
10 right\C19/tt/m/n/10/48 p|\C19/tt/m/n/10/25 "| \OT1/cmtt/m/n/10 1<=k<=o->s|\C
19/tt/m/n/10/25 "| \C19/tt/m/n/10/40 \OT1/cmtt/m/n/10 k=o->s\C19/tt/m/n/10/55 
û|\C19/tt/m/n/10/26 ß| \OT1/cmtt/m/n/10 right=null[] 
 []


Underfull \vbox (badness 10000) has occurred while \output is active []

 [157]
Underfull \vbox (badness 10000) has occurred while \output is active []

 [158]
Underfull \vbox (badness 10000) has occurred while \output is active []

 [159]
[160]
Underfull \vbox (badness 10000) has occurred while \output is active []

 [161]
Overfull \hbox (16.19962pt too wide) in paragraph at lines 6358--6358
[]        \OT1/cmtt/m/n/10 push_up(root);//\C19/tt/m/n/10/63 ˘ \C19/tt/m/n/10/4
8 p \C19/tt/m/n/10/64 Ã \C19/tt/m/n/10/61 á \C19/tt/m/n/10/55 ¥ \C19/tt/m/n/10/
58 è \C19/tt/m/n/10/49 
 \C19/tt/m/n/10/42 ç \C19/tt/m/n/10/60 #\OT1/cmtt/m/n/10 s|\C19/tt/m/n/10/26 ß|
 \OT1/cmtt/m/n/10 sum\C19/tt/m/n/10/40  \C19/tt/m/n/10/42 ç \C19/tt/m/n/10/60 
# \C19/tt/m/n/10/37 ø ÿ \C19/tt/m/n/10/64  \C19/tt/m/n/10/54 (|\C19/tt/m/n/10/
26 ß| \C19/tt/m/n/10/40  \C19/tt/m/n/10/55 ¥ \C19/tt/m/n/10/63 3\OT1/cmtt/m/n/
10 rotate\C19/tt/m/n/10/43 ⁄\OT1/cmtt/m/n/10 splay\C19/tt/m/n/10/37 ˆ
 []


Overfull \hbox (19.19743pt too wide) in paragraph at lines 6374--6374
[]        \OT1/cmtt/m/n/10 p->lx = max(p->ch[0]->lx, p->ch[0]->sum + p->value +
 max(0, p->ch[1]->lx));[] 
 []


Overfull \hbox (19.19743pt too wide) in paragraph at lines 6375--6375
[]        \OT1/cmtt/m/n/10 p->rx = max(p->ch[1]->rx, p->ch[1]->sum + p->value +
 max(0, p->ch[0]->rx));[] 
 []


Underfull \vbox (badness 10000) has occurred while \output is active []

 [162]
Underfull \vbox (badness 10000) has occurred while \output is active []

 [163]
Underfull \vbox (badness 10000) has occurred while \output is active []

 [164]
Underfull \vbox (badness 10000) has occurred while \output is active []

 [165]
Underfull \vbox (badness 10000) has occurred while \output is active []

 [166]
Overfull \hbox (41.49953pt too wide) in paragraph at lines 6593--6593
[]        \OT1/cmtt/m/n/10 select(end, root); //\C19/tt/m/n/10/63 ˘ \C19/tt/m/n
/10/48 p \C19/tt/m/n/10/58  \C19/tt/m/n/10/54  \C19/tt/m/n/10/37 ÿ \C19/tt/m/
n/10/62 ^ \C19/tt/m/n/10/39 ˙ \C19/tt/m/n/10/60 %|\C19/tt/m/n/10/26 ß| \C19/tt/
m/n/10/47 í \C19/tt/m/n/10/40 Ω \C19/tt/m/n/10/44 ¨ \C19/tt/m/n/10/61 £ \C19/tt
/m/n/10/40 \OT1/cmtt/m/n/10 root\C19/tt/m/n/10/40  \C19/tt/m/n/10/62 m \C19/t
t/m/n/10/65 f \C19/tt/m/n/10/55 ‰|\C19/tt/m/n/10/26 ß| \C19/tt/m/n/10/61 œ \C19
/tt/m/n/10/58 è\OT1/cmtt/m/n/10 end\C19/tt/m/n/10/37 '\OT1/cmtt/m/n/10 start-1\
C19/tt/m/n/10/39 å|\C19/tt/m/n/10/26 ß|
 []


Underfull \vbox (badness 10000) has occurred while \output is active []

 [167]
Underfull \vbox (badness 10000) has occurred while \output is active []

 [168]
[169]
Overfull \hbox (29.69734pt too wide) in paragraph at lines 6727--6727
[]            \OT1/cmtt/m/n/10 dp[i][j] = b[dp[i][j - 1]] < b[dp[i + (1 << (j -
 1))][j - 1]] ? dp[i][j -[] 
 []

[170]
Chapter 13.

Overfull \hbox (83.44733pt too wide) in paragraph at lines 6755--6755
[]\OT1/cmtt/m/n/10 //\C19/tt/m/n/10/53 ¶\OT1/cmtt/m/n/10 next\C19/tt/m/n/10/55 
Í \C19/tt/m/n/10/65 ||\C19/tt/m/n/10/26 µ| \OT1/cmtt/m/n/10 next[i]=j\C19/tt/m/
n/10/37 L \C19/tt/m/n/10/55 ´\OT1/cmtt/m/n/10 T[0...j-1]=T[i-j...i-1];next[i]=m
ax{k|T[0...k-1]=T[i-k...i-1]}(i-k>0)[] 
 []

[171

]
Underfull \vbox (badness 10000) has occurred while \output is active []

 [172]
[173]
Underfull \vbox (badness 10000) has occurred while \output is active []

 [174]
[175]
Underfull \vbox (badness 10000) has occurred while \output is active []

 [176]
Underfull \vbox (badness 10000) has occurred while \output is active []

 [177]
[178]
Underfull \vbox (badness 10000) has occurred while \output is active []

 [179]
[180]<<c1972.cmap>>
Underfull \vbox (badness 10000) has occurred while \output is active []

 [181]
Underfull \vbox (badness 10000) has occurred while \output is active []

 [182]
Underfull \vbox (badness 10000) has occurred while \output is active []

 [183]
Overfull \hbox (57.69936pt too wide) in paragraph at lines 7317--7317
[]\C19/tt/m/n/10/64 \OT1/cmtt/m/n/10 sa[k]\C19/tt/m/n/10/62 Ü\OT1/cmtt/m/n/10 
sa[k-1]\C19/tt/m/n/10/62 k\OT1/cmtt/m/n/10 height[k]\C19/tt/m/n/10/42 á \C19/tt
/m/n/10/53 c \C19/tt/m/n/10/65 M \C19/tt/m/n/10/55 ¥ \C19/tt/m/n/10/59 É \C19/t
t/m/n/10/57 ” \C19/tt/m/n/10/40 |\C19/tt/m/n/10/26 ß| \C19/tt/m/n/10/56 § \C19
/tt/m/n/10/61 ± á \C19/tt/m/n/10/38 ÿ \C19/tt/m/n/10/54 |\C19/tt/m/n/10/26 ß| 
\C19/tt/m/n/10/65 Å \C19/tt/m/n/10/64 ™ \C19/tt/m/n/10/40  \C19/tt/m/n/10/39 â
 \C19/tt/m/n/10/36 Y \C19/tt/m/n/10/37 B \C19/tt/m/n/10/55 ¥\OT1/cmtt/m/n/10 si
gma(n-sa[k]+height[k])[] 
 []

[184] [185]
Underfull \vbox (badness 10000) has occurred while \output is active []

 [186]
Underfull \vbox (badness 10000) has occurred while \output is active []

 [187]
Overfull \hbox (8.69753pt too wide) in paragraph at lines 7531--7531
[]                \OT1/cmtt/m/n/10 for (j = i - 1; j >= 0 && j > i - l && str[j
] == str[j + l]; j--)[] 
 []


Underfull \vbox (badness 10000) has occurred while \output is active []

 [188]
Underfull \vbox (badness 10000) has occurred while \output is active []

 [189]
Overfull \hbox (1.19888pt too wide) in paragraph at lines 7602--7602
[]\OT1/cmtt/m/n/10 void da(int *r, int n, int m)           //  \C19/tt/m/n/10/3
7  \C19/tt/m/n/10/63 O \C19/tt/m/n/10/56 é \C19/tt/m/n/10/41 { \OT1/cmtt/m/n/1
0 r\C19/tt/m/n/10/58 è \C19/tt/m/n/10/39 ñ \C19/tt/m/n/10/52 ö  \C19/tt/m/n/10
/55 Í \C19/tt/m/n/10/65 |  \OT1/cmtt/m/n/10 n\C19/tt/m/n/10/58 è \C19/tt/m/n/10
/65 o \C19/tt/m/n/10/38  \C19/tt/m/n/10/40 › \OT1/cmtt/m/n/10 m\C19/tt/m/n/10/
58 è
 []


Underfull \vbox (badness 10000) has occurred while \output is active []

 [190]
Underfull \vbox (badness 10000) has occurred while \output is active []

 [191]
Underfull \vbox (badness 10000) has occurred while \output is active []

 [192]
[193]
Underfull \vbox (badness 10000) has occurred while \output is active []

 [194]
Underfull \vbox (badness 10000) has occurred while \output is active []

 [195]
[196]
Underfull \vbox (badness 10000) has occurred while \output is active []

 [197]
Underfull \vbox (badness 10000) has occurred while \output is active []

 [198]
[199]
Underfull \vbox (badness 10000) has occurred while \output is active []

 [200]
Underfull \vbox (badness 10000) has occurred while \output is active []

 [201]
Underfull \vbox (badness 10000) has occurred while \output is active []

 [202]
Underfull \vbox (badness 10000) has occurred while \output is active []

 [203]
Underfull \vbox (badness 10000) has occurred while \output is active []

 [204]
Underfull \vbox (badness 10000) has occurred while \output is active []

 [205]
[206] [207]

Package hyperref Warning: Token not allowed in a PDF string (PDFDocEncoding):
(hyperref)                removing `math shift' on input line 8414.


Package hyperref Warning: Token not allowed in a PDF string (PDFDocEncoding):
(hyperref)                removing `superscript' on input line 8414.


Package hyperref Warning: Token not allowed in a PDF string (PDFDocEncoding):
(hyperref)                removing `math shift' on input line 8414.

[208] [209] [210

]
Chapter 14.
[211]
Overfull \hbox (24.44739pt too wide) in paragraph at lines 8464--8464
[]\OT1/cmtt/m/n/10 int t, e, num, node[maxn], n, parent[maxn], balance[maxn], d
egree[maxn], head[maxn];[] 
 []


Underfull \vbox (badness 10000) has occurred while \output is active []

 [212]
[213]
Underfull \vbox (badness 10000) has occurred while \output is active []

 [214]
[215]
Underfull \vbox (badness 10000) has occurred while \output is active []

 [216]
Underfull \vbox (badness 10000) has occurred while \output is active []

 [217]
Underfull \vbox (badness 10000) has occurred while \output is active []

 [218]
[219]
Underfull \vbox (badness 10000) has occurred while \output is active []

 [220]
Underfull \vbox (badness 10000) has occurred while \output is active []

 [221]
Underfull \vbox (badness 10000) has occurred while \output is active []

 [222]
[223]
Underfull \vbox (badness 10000) has occurred while \output is active []

 [224]
Underfull \vbox (badness 10000) has occurred while \output is active []

 [225]
Underfull \vbox (badness 10000) has occurred while \output is active []

 [226]
Underfull \vbox (badness 10000) has occurred while \output is active []

 [227]
[228]
Underfull \vbox (badness 10000) has occurred while \output is active []

 [229]
Overfull \hbox (3.44757pt too wide) in paragraph at lines 9316--9316
[]    \OT1/cmtt/m/n/10 //go on splaying x to its root of splay tree until x be 
root of whole forest[] 
 []


Underfull \vbox (badness 10000) has occurred while \output is active []

 [230]
Underfull \vbox (badness 10000) has occurred while \output is active []

 [231]
Underfull \vbox (badness 10000) has occurred while \output is active []

 [232]
Underfull \vbox (badness 10000) has occurred while \output is active []

 [233]
Overfull \hbox (239.69551pt too wide) in paragraph at lines 9497--9497
[]\OT1/cmtt/m/n/10 You are given a tree with N nodes which are numbered by inte
gers 1..N. Each node is associated with an integer as the weight.[] 
 []


Overfull \hbox (318.44482pt too wide) in paragraph at lines 9501--9501
[]\OT1/cmtt/m/n/10 1.Delete an edge (x, y) from the tree, and then add a new ed
ge (a, b). We ensure that it still constitutes a tree after adding the new edge
.[] 
 []


Overfull \hbox (423.44391pt too wide) in paragraph at lines 9503--9503
[]\OT1/cmtt/m/n/10 2.Given two nodes a and b in the tree, change the weights of
 all the nodes on the path connecting node a and b (including node a and b) to 
a particular value x.[] 
 []

[234]
Overfull \hbox (433.94382pt too wide) in paragraph at lines 9505--9505
[]\OT1/cmtt/m/n/10 3.Given two nodes a and b in the tree, increase the weights 
of all the nodes on the path connecting node a and b (including node a and b) b
y a particular value d.[] 
 []


Overfull \hbox (1258.18663pt too wide) in paragraph at lines 9507--9507
[]\OT1/cmtt/m/n/10 4.Given two nodes a and b in the tree, compute the second la
rgest weight on the path connecting node a and b (including node a and b), and 
the number of times this weight occurs on the path. Note that here we need the 
strict second largest weight. For instance, the strict second largest weight of
 {3, 5, 2, 5, 3} is 3.[] 
 []


Overfull \hbox (71.69698pt too wide) in paragraph at lines 9511--9511
[]\OT1/cmtt/m/n/10 The first line contains an integer T (T<=3), which means the
re are T test cases in the input.[] 
 []


Overfull \hbox (785.69075pt too wide) in paragraph at lines 9513--9513
[]\OT1/cmtt/m/n/10 For each test case, the first line contains two integers N a
nd M (N, M<=10^5). The second line contains N integers, and the i-th integer is
 the weight of the i-th node in the tree (their absolute values are not larger 
than 10^4).[] 
 []


Overfull \hbox (218.6957pt too wide) in paragraph at lines 9515--9515
[]\OT1/cmtt/m/n/10 In next N-1 lines, there are two integers a and b (1<=a, b<=
N), which means there exists an edge connecting node a and b.[] 
 []


Overfull \hbox (365.69441pt too wide) in paragraph at lines 9517--9517
[]\OT1/cmtt/m/n/10 The next M lines describe the operations you have to deal wi
th. In each line the first integer is c (1<=c<=4), which indicates the type of 
operation.[] 
 []


Overfull \hbox (34.9473pt too wide) in paragraph at lines 9522--9522
[]\OT1/cmtt/m/n/10 If c = 4 (it is a query operation), there are two integers a
, b (1<= a, b<=N) after c.[] 
 []


Overfull \hbox (13.94748pt too wide) in paragraph at lines 9528--9528
[]\OT1/cmtt/m/n/10 For each test case, first output "Case #x:"" (x means case I
D) in a separate line.[] 
 []


Overfull \hbox (638.69203pt too wide) in paragraph at lines 9530--9530
[]\OT1/cmtt/m/n/10 For each query operation, output two values: the second larg
est weight and the number of times it occurs. If the weights of nodes on that p
ath are all the same, just output "ALL SAME" (without quotes).[] 
 []


Underfull \vbox (badness 10000) has occurred while \output is active []

 [235]
Underfull \vbox (badness 10000) has occurred while \output is active []

 [236]
Underfull \vbox (badness 10000) has occurred while \output is active []

 [237]
Underfull \vbox (badness 10000) has occurred while \output is active []

 [238]
Underfull \vbox (badness 10000) has occurred while \output is active []

 [239]
Underfull \vbox (badness 10000) has occurred while \output is active []

 [240]
[241] 
AED: lastpage setting LastPage
Package atveryend Info: Empty hook `BeforeClearDocument' on input line 9797.
Package atveryend Info: Empty hook `AfterLastShipout' on input line 9797.
(D:\Codes\The-Code-Library-of-xiaohai\vol1.aux)
Package atveryend Info: Executing hook `AtVeryEndDocument' on input line 9797.
Package atveryend Info: Executing hook `AtEndAfterFileList' on input line 9797.

Package rerunfilecheck Info: File `vol1.out' has not changed.
(rerunfilecheck)             Checksum: 01FFEDE514039A905AA5118760A736DC;17444.
 ) 
Here is how much of TeX's memory you used:
 20269 strings out of 495354
 315936 string characters out of 3183579
 398792 words of memory out of 3000000
 22221 multiletter control sequences out of 15000+200000
 70802 words of font info for 246 fonts, out of 3000000 for 9000
 14 hyphenation exceptions out of 8191
 36i,12n,43p,871b,1473s stack positions out of 5000i,500n,10000p,200000b,50000s
<C:/Windows/Fonts/simfang.ttf><C:/Windows/Fonts/simfang.ttf><C:/Windows/Fonts
/simfang.ttf><C:/Windows/Fonts/simhei.ttf><C:/Windows/Fonts/simhei.ttf><C:/Wind
ows/Fonts/simhei.ttf><C:/Windows/Fonts/simhei.ttf><C:/Windows/Fonts/simhei.ttf>
<C:/Windows/Fonts/simfang.ttf><C:/Windows/Fonts/simhei.ttf><C:/Windows/Fonts/si
mfang.ttf><C:/Windows/Fonts/simfang.ttf><C:/Windows/Fonts/simhei.ttf><C:/Window
s/Fonts/simfang.ttf><C:/Windows/Fonts/simfang.ttf><C:/Windows/Fonts/simfang.ttf
><C:/Windows/Fonts/simhei.ttf><C:/Windows/Fonts/simhei.ttf><C:/Windows/Fonts/si
mhei.ttf><C:/Windows/Fonts/simfang.ttf><C:/Windows/Fonts/simfang.ttf><C:/Window
s/Fonts/simfang.ttf><C:/Windows/Fonts/simfang.ttf><C:/Windows/Fonts/simfang.ttf
><C:/Windows/Fonts/simfang.ttf><C:/Windows/Fonts/simfang.ttf><C:/Windows/Fonts/
simfang.ttf><C:/Windows/Fonts/simfang.ttf><C:/Windows/Fonts/simfang.ttf><C:/Win
dows/Fonts/simfang.ttf><C:/Windows/Fonts/simfang.ttf><C:/Windows/Fonts/simfang.
ttf><C:/Windows/Fonts/simhei.ttf><C:/Windows/Fonts/simhei.ttf><C:/Windows/Fonts
/simfang.ttf><C:/Windows/Fonts/simfang.ttf><C:/Windows/Fonts/simfang.ttf><C:/Wi
ndows/Fonts/simfang.ttf><C:/Windows/Fonts/simfang.ttf><C:/Windows/Fonts/simfang
.ttf><C:/Windows/Fonts/simhei.ttf><C:/Windows/Fonts/simfang.ttf><C:/Windows/Fon
ts/simfang.ttf><C:/Windows/Fonts/simfang.ttf><C:/Windows/Fonts/simfang.ttf><C:/
Windows/Fonts/simfang.ttf><C:/Windows/Fonts/simfang.ttf><C:/Windows/Fonts/simfa
ng.ttf><C:/Windows/Fonts/simfang.ttf><C:/Windows/Fonts/simsun.ttc><C:/Windows/F
onts/simhei.ttf><C:/Windows/Fonts/simsun.ttc><C:/Windows/Fonts/simsun.ttc><C:/W
indows/Fonts/simsun.ttc><C:/Windows/Fonts/simhei.ttf><C:/Windows/Fonts/simhei.t
tf><C:/Windows/Fonts/simhei.ttf><C:/Windows/Fonts/simhei.ttf><C:/Windows/Fonts/
simhei.ttf><C:/Windows/Fonts/simhei.ttf><C:/Windows/Fonts/simhei.ttf><C:/Window
s/Fonts/simhei.ttf><C:/Windows/Fonts/simhei.ttf><C:/Windows/Fonts/simhei.ttf><C
:/Windows/Fonts/simhei.ttf><C:/Windows/Fonts/simhei.ttf><C:/Windows/Fonts/simsu
n.ttc><C:/Windows/Fonts/simsun.ttc><C:/Windows/Fonts/simsun.ttc><C:/Windows/Fon
ts/simsun.ttc><C:/Windows/Fonts/simsun.ttc><C:/Windows/Fonts/simsun.ttc><C:/Win
dows/Fonts/simsun.ttc><C:/Windows/Fonts/simsun.ttc><C:/Windows/Fonts/simsun.ttc
><C:/Windows/Fonts/simsun.ttc><C:/Windows/Fonts/simsun.ttc><C:/Windows/Fonts/si
msun.ttc><C:/Windows/Fonts/simsun.ttc><C:/Windows/Fonts/simsun.ttc><C:/Windows/
Fonts/simsun.ttc><C:/Windows/Fonts/simsun.ttc><C:/Windows/Fonts/simsun.ttc><C:/
Windows/Fonts/simsun.ttc><C:/Windows/Fonts/simsun.ttc><C:/Windows/Fonts/simsun.
ttc><C:/Windows/Fonts/simsun.ttc><C:/Windows/Fonts/simsun.ttc><C:/Windows/Fonts
/simsun.ttc><C:/Windows/Fonts/simsun.ttc><C:/Windows/Fonts/simsun.ttc><C:/Windo
ws/Fonts/simsun.ttc><C:/Windows/Fonts/simsun.ttc><C:/Windows/Fonts/simsun.ttc><
C:/Windows/Fonts/simhei.ttf><C:/Windows/Fonts/simhei.ttf><C:/Windows/Fonts/simh
ei.ttf><C:/Windows/Fonts/simhei.ttf><C:/Windows/Fonts/simhei.ttf><C:/Windows/Fo
nts/simhei.ttf><C:/Windows/Fonts/simhei.ttf><C:/Windows/Fonts/simhei.ttf><C:/Wi
ndows/Fonts/simsun.ttc><C:/Windows/Fonts/simsun.ttc><C:/Windows/Fonts/simsun.tt
c><C:/CTEX/CTEX/MiKTeX/fonts/type1/public/amsfonts/cm/cmbsy10.pfb><C:/CTEX/CTEX
/MiKTeX/fonts/type1/public/amsfonts/cm/cmbx10.pfb><C:/CTEX/CTEX/MiKTeX/fonts/ty
pe1/public/amsfonts/cm/cmbx12.pfb><C:/CTEX/CTEX/MiKTeX/fonts/type1/public/amsfo
nts/cm/cmbxti10.pfb><C:/CTEX/CTEX/MiKTeX/fonts/type1/public/amsfonts/cm/cmex10.
pfb><C:/CTEX/CTEX/MiKTeX/fonts/type1/public/amsfonts/cmextra/cmex7.pfb><C:/CTEX
/CTEX/MiKTeX/fonts/type1/public/amsfonts/cm/cmmi10.pfb><C:/CTEX/CTEX/MiKTeX/fon
ts/type1/public/amsfonts/cm/cmmi12.pfb><C:/CTEX/CTEX/MiKTeX/fonts/type1/public/
amsfonts/cm/cmmi5.pfb><C:/CTEX/CTEX/MiKTeX/fonts/type1/public/amsfonts/cm/cmmi7
.pfb><C:/CTEX/CTEX/MiKTeX/fonts/type1/public/amsfonts/cm/cmmi9.pfb><C:/CTEX/CTE
X/MiKTeX/fonts/type1/public/amsfonts/cm/cmr10.pfb><C:/CTEX/CTEX/MiKTeX/fonts/ty
pe1/public/amsfonts/cm/cmr12.pfb><C:/CTEX/CTEX/MiKTeX/fonts/type1/public/amsfon
ts/cm/cmr5.pfb><C:/CTEX/CTEX/MiKTeX/fonts/type1/public/amsfonts/cm/cmr7.pfb><C:
/CTEX/CTEX/MiKTeX/fonts/type1/public/amsfonts/cm/cmr8.pfb><C:/CTEX/CTEX/MiKTeX/
fonts/type1/public/amsfonts/cm/cmsy10.pfb><C:/CTEX/CTEX/MiKTeX/fonts/type1/publ
ic/amsfonts/cm/cmsy7.pfb><C:/CTEX/CTEX/MiKTeX/fonts/type1/public/amsfonts/cm/cm
ti10.pfb><C:/CTEX/CTEX/MiKTeX/fonts/type1/public/amsfonts/cm/cmti12.pfb><C:/CTE
X/CTEX/MiKTeX/fonts/type1/public/amsfonts/cm/cmtt10.pfb><C:/CTEX/CTEX/MiKTeX/fo
nts/type1/public/amsfonts/symbols/msam10.pfb>
Output written on vol1.pdf (251 pages, 1690714 bytes).
PDF statistics:
 3154 PDF objects out of 3580 (max. 8388607)
 521 named destinations out of 1000 (max. 500000)
 2048 words of extra memory for PDF output out of 10000 (max. 10000000)

